[    0.000000] Linux version 4.15.0-197-generic (buildd@lcy02-amd64-110) (gcc version 7.5.0 (Ubuntu 7.5.0-3ubuntu1~18.04)) #208-Ubuntu SMP Tue Nov 1 17:23:37 UTC 2022 (Ubuntu 4.15.0-197.208-generic 4.15.18)
[    0.000000] Command line: BOOT_IMAGE=/boot/vmlinuz-4.15.0-197-generic root=LABEL=cloudimg-rootfs ro console=tty1 console=ttyS0
[    0.000000] KERNEL supported cpus:
[    0.000000]   Intel GenuineIntel
[    0.000000]   AMD AuthenticAMD
[    0.000000]   Centaur CentaurHauls
[    0.000000] x86/fpu: x87 FPU will use FXSAVE
[    0.000000] e820: BIOS-provided physical RAM map:
[    0.000000] BIOS-e820: [mem 0x0000000000000000-0x000000000009fbff] usable
[    0.000000] BIOS-e820: [mem 0x000000000009fc00-0x000000000009ffff] reserved
[    0.000000] BIOS-e820: [mem 0x00000000000f0000-0x00000000000fffff] reserved
[    0.000000] BIOS-e820: [mem 0x0000000000100000-0x00000000dffeffff] usable
[    0.000000] BIOS-e820: [mem 0x00000000dfff0000-0x00000000dfffffff] ACPI data
[    0.000000] BIOS-e820: [mem 0x00000000fec00000-0x00000000fec00fff] reserved
[    0.000000] BIOS-e820: [mem 0x00000000fee00000-0x00000000fee00fff] reserved
[    0.000000] BIOS-e820: [mem 0x00000000fffc0000-0x00000000ffffffff] reserved
[    0.000000] BIOS-e820: [mem 0x0000000100000000-0x000000011fffffff] usable
[    0.000000] NX (Execute Disable) protection: active
[    0.000000] SMBIOS 2.5 present.
[    0.000000] DMI: innotek GmbH VirtualBox/VirtualBox, BIOS VirtualBox 12/01/2006
[    0.000000] Hypervisor detected: KVM
[    0.000000] e820: last_pfn = 0x120000 max_arch_pfn = 0x400000000
[    0.000000] MTRR: Disabled
[    0.000000] x86/PAT: MTRRs disabled, skipping PAT initialization too.
[    0.000000] CPU MTRRs all blank - virtualized system.
[    0.000000] x86/PAT: Configuration [0-7]: WB  WT  UC- UC  WB  WT  UC- UC  
[    0.000000] e820: last_pfn = 0xdfff0 max_arch_pfn = 0x400000000
[    0.000000] found SMP MP-table at [mem 0x0009fff0-0x0009ffff]
[    0.000000] Scanning 1 areas for low memory corruption
[    0.000000] RAMDISK: [mem 0x359c9000-0x36cdbfff]
[    0.000000] ACPI: Early table checksum verification disabled
[    0.000000] ACPI: RSDP 0x00000000000E0000 000024 (v02 VBOX  )
[    0.000000] ACPI: XSDT 0x00000000DFFF0030 00003C (v01 VBOX   VBOXXSDT 00000001 ASL  00000061)
[    0.000000] ACPI: FACP 0x00000000DFFF00F0 0000F4 (v04 VBOX   VBOXFACP 00000001 ASL  00000061)
[    0.000000] ACPI: DSDT 0x00000000DFFF0610 002353 (v02 VBOX   VBOXBIOS 00000002 INTL 20100528)
[    0.000000] ACPI: FACS 0x00000000DFFF0200 000040
[    0.000000] ACPI: FACS 0x00000000DFFF0200 000040
[    0.000000] ACPI: APIC 0x00000000DFFF0240 00005C (v02 VBOX   VBOXAPIC 00000001 ASL  00000061)
[    0.000000] ACPI: SSDT 0x00000000DFFF02A0 00036C (v01 VBOX   VBOXCPUT 00000002 INTL 20100528)
[    0.000000] ACPI: Reserving FACP table memory at [mem 0xdfff00f0-0xdfff01e3]
[    0.000000] ACPI: Reserving DSDT table memory at [mem 0xdfff0610-0xdfff2962]
[    0.000000] ACPI: Reserving FACS table memory at [mem 0xdfff0200-0xdfff023f]
[    0.000000] ACPI: Reserving FACS table memory at [mem 0xdfff0200-0xdfff023f]
[    0.000000] ACPI: Reserving APIC table memory at [mem 0xdfff0240-0xdfff029b]
[    0.000000] ACPI: Reserving SSDT table memory at [mem 0xdfff02a0-0xdfff060b]
[    0.000000] No NUMA configuration found
[    0.000000] Faking a node at [mem 0x0000000000000000-0x000000011fffffff]
[    0.000000] NODE_DATA(0) allocated [mem 0x11ffd1000-0x11fffbfff]
[    0.000000] kvm-clock: cpu 0, msr 1:1ff50001, primary cpu clock
[    0.000000] kvm-clock: Using msrs 4b564d01 and 4b564d00
[    0.000000] kvm-clock: using sched offset of 3700989692 cycles
[    0.000000] clocksource: kvm-clock: mask: 0xffffffffffffffff max_cycles: 0x1cd42e4dffb, max_idle_ns: 881590591483 ns
[    0.000000] Zone ranges:
[    0.000000]   DMA      [mem 0x0000000000001000-0x0000000000ffffff]
[    0.000000]   DMA32    [mem 0x0000000001000000-0x00000000ffffffff]
[    0.000000]   Normal   [mem 0x0000000100000000-0x000000011fffffff]
[    0.000000]   Device   empty
[    0.000000] Movable zone start for each node
[    0.000000] Early memory node ranges
[    0.000000]   node   0: [mem 0x0000000000001000-0x000000000009efff]
[    0.000000]   node   0: [mem 0x0000000000100000-0x00000000dffeffff]
[    0.000000]   node   0: [mem 0x0000000100000000-0x000000011fffffff]
[    0.000000] Reserved but unavailable: 104 pages
[    0.000000] Initmem setup node 0 [mem 0x0000000000001000-0x000000011fffffff]
[    0.000000] ACPI: PM-Timer IO Port: 0x4008
[    0.000000] IOAPIC[0]: apic_id 2, version 32, address 0xfec00000, GSI 0-23
[    0.000000] ACPI: INT_SRC_OVR (bus 0 bus_irq 0 global_irq 2 dfl dfl)
[    0.000000] ACPI: INT_SRC_OVR (bus 0 bus_irq 9 global_irq 9 low level)
[    0.000000] Using ACPI (MADT) for SMP configuration information
[    0.000000] smpboot: Allowing 2 CPUs, 0 hotplug CPUs
[    0.000000] PM: Registered nosave memory: [mem 0x00000000-0x00000fff]
[    0.000000] PM: Registered nosave memory: [mem 0x0009f000-0x0009ffff]
[    0.000000] PM: Registered nosave memory: [mem 0x000a0000-0x000effff]
[    0.000000] PM: Registered nosave memory: [mem 0x000f0000-0x000fffff]
[    0.000000] PM: Registered nosave memory: [mem 0xdfff0000-0xdfffffff]
[    0.000000] PM: Registered nosave memory: [mem 0xe0000000-0xfebfffff]
[    0.000000] PM: Registered nosave memory: [mem 0xfec00000-0xfec00fff]
[    0.000000] PM: Registered nosave memory: [mem 0xfec01000-0xfedfffff]
[    0.000000] PM: Registered nosave memory: [mem 0xfee00000-0xfee00fff]
[    0.000000] PM: Registered nosave memory: [mem 0xfee01000-0xfffbffff]
[    0.000000] PM: Registered nosave memory: [mem 0xfffc0000-0xffffffff]
[    0.000000] e820: [mem 0xe0000000-0xfebfffff] available for PCI devices
[    0.000000] Booting paravirtualized kernel on KVM
[    0.000000] clocksource: refined-jiffies: mask: 0xffffffff max_cycles: 0xffffffff, max_idle_ns: 7645519600211568 ns
[    0.000000] setup_percpu: NR_CPUS:8192 nr_cpumask_bits:2 nr_cpu_ids:2 nr_node_ids:1
[    0.000000] percpu: Embedded 50 pages/cpu s167936 r8192 d28672 u1048576
[    0.000000] PV qspinlock hash table entries: 256 (order: 0, 4096 bytes)
[    0.000000] Built 1 zonelists, mobility grouping on.  Total pages: 1032057
[    0.000000] Policy zone: Normal
[    0.000000] Kernel command line: BOOT_IMAGE=/boot/vmlinuz-4.15.0-197-generic root=LABEL=cloudimg-rootfs ro console=tty1 console=ttyS0
[    0.000000] Memory: 4013256K/4193848K available (12300K kernel code, 2477K rwdata, 4320K rodata, 2472K init, 2720K bss, 180592K reserved, 0K cma-reserved)
[    0.000000] SLUB: HWalign=64, Order=0-3, MinObjects=0, CPUs=2, Nodes=1
[    0.000000] ftrace: allocating 39478 entries in 155 pages
[    0.004000] Hierarchical RCU implementation.
[    0.004000] 	RCU restricting CPUs from NR_CPUS=8192 to nr_cpu_ids=2.
[    0.004000] 	Tasks RCU enabled.
[    0.004000] RCU: Adjusting geometry for rcu_fanout_leaf=16, nr_cpu_ids=2
[    0.004000] NR_IRQS: 524544, nr_irqs: 440, preallocated irqs: 16
[    0.004000] random: crng init done
[    0.004000] Console: colour VGA+ 80x25
[    0.004000] console [tty1] enabled
[    0.004000] console [ttyS0] enabled
[    0.004000] ACPI: Core revision 20170831
[    0.004000] ACPI: 2 ACPI AML tables successfully acquired and loaded
[    0.004000] APIC: Switch to symmetric I/O mode setup
[    0.008000] ..TIMER: vector=0x30 apic1=0 pin1=2 apic2=-1 pin2=-1
[    0.008006] tsc: Detected 3417.600 MHz processor
[    0.012009] Calibrating delay loop (skipped) preset value.. 6835.20 BogoMIPS (lpj=13670400)
[    0.016007] pid_max: default: 32768 minimum: 301
[    0.020085] Security Framework initialized
[    0.024002] Yama: becoming mindful.
[    0.028114] AppArmor: AppArmor initialized
[    0.055489] Dentry cache hash table entries: 524288 (order: 10, 4194304 bytes)
[    0.068846] Inode-cache hash table entries: 262144 (order: 9, 2097152 bytes)
[    0.072445] Mount-cache hash table entries: 8192 (order: 4, 65536 bytes)
[    0.076333] Mountpoint-cache hash table entries: 8192 (order: 4, 65536 bytes)
[    0.081948] Last level iTLB entries: 4KB 0, 2MB 0, 4MB 0
[    0.084004] Last level dTLB entries: 4KB 0, 2MB 0, 4MB 0, 1GB 0
[    0.088006] Spectre V1 : Mitigation: usercopy/swapgs barriers and __user pointer sanitization
[    0.096005] Spectre V2 : Mitigation: Enhanced IBRS
[    0.100002] Spectre V2 : Spectre v2 / SpectreRSB mitigation: Filling RSB on context switch
[    0.104003] Speculative Store Bypass: Vulnerable
[    0.108155] Freeing SMP alternatives memory: 36K
[    0.225603] APIC calibration not consistent with PM-Timer: 101ms instead of 100ms
[    0.228000] APIC delta adjusted to PM-Timer: 6253231 (6368180)
[    0.228584] smpboot: CPU0: 13th Gen Intel(R) Core(TM) i7-13700K (family: 0x6, model: 0xb7, stepping: 0x1)
[    0.232701] Performance Events: unsupported p6 CPU model 183 no PMU driver, software events only.
[    0.236149] Hierarchical SRCU implementation.
[    0.240853] NMI watchdog: Perf event create on CPU 0 failed with -2
[    0.244003] NMI watchdog: Perf NMI watchdog permanently disabled
[    0.248351] smp: Bringing up secondary CPUs ...
[    0.256552] x86: Booting SMP configuration:
[    0.260005] .... node  #0, CPUs:      #1
[    0.004000] kvm-clock: cpu 1, msr 1:1ff50041, secondary cpu clock
[    0.274545] TSC synchronization [CPU#0 -> CPU#1]:
[    0.276000] Measured 39616 cycles TSC warp between CPUs, turning off TSC clock.
[    0.276000] tsc: Marking TSC unstable due to check_tsc_sync_source failed
[    0.280289] smp: Brought up 1 node, 2 CPUs
[    0.284007] smpboot: Max logical packages: 1
[    0.288006] smpboot: Total of 2 processors activated (13670.40 BogoMIPS)
[    0.292714] devtmpfs: initialized
[    0.296124] x86/mm: Memory block size: 128MB
[    0.304890] evm: security.selinux
[    0.308000] evm: security.SMACK64
[    0.308005] evm: security.SMACK64EXEC
[    0.312003] evm: security.SMACK64TRANSMUTE
[    0.316006] evm: security.SMACK64MMAP
[    0.320003] evm: security.apparmor
[    0.323597] evm: security.ima
[    0.324004] evm: security.capability
[    0.332127] clocksource: jiffies: mask: 0xffffffff max_cycles: 0xffffffff, max_idle_ns: 7645041785100000 ns
[    0.336071] futex hash table entries: 512 (order: 3, 32768 bytes)
[    0.340253] pinctrl core: initialized pinctrl subsystem
[    0.344134] RTC time: 14:15:58, date: 04/06/23
[    0.348221] NET: Registered protocol family 16
[    0.352143] audit: initializing netlink subsys (disabled)
[    0.360083] audit: type=2000 audit(1680790563.727:1): state=initialized audit_enabled=0 res=1
[    0.372012] cpuidle: using governor ladder
[    0.376011] cpuidle: using governor menu
[    0.380050] ACPI: bus type PCI registered
[    0.384006] acpiphp: ACPI Hot Plug PCI Controller Driver version: 0.5
[    0.388917] PCI: Using configuration type 1 for base access
[    0.396460] HugeTLB registered 2.00 MiB page size, pre-allocated 0 pages
[    0.404446] ACPI: Added _OSI(Module Device)
[    0.408096] ACPI: Added _OSI(Processor Device)
[    0.412005] ACPI: Added _OSI(3.0 _SCP Extensions)
[    0.416005] ACPI: Added _OSI(Processor Aggregator Device)
[    0.420011] ACPI: Added _OSI(Linux-Dell-Video)
[    0.424007] ACPI: Added _OSI(Linux-Lenovo-NV-HDMI-Audio)
[    0.428009] ACPI: Added _OSI(Linux-HPI-Hybrid-Graphics)
[    0.433068] ACPI: Executed 1 blocks of module-level executable AML code
[    0.440185] ACPI: Interpreter enabled
[    0.444000] ACPI: (supports S0 S5)
[    0.444006] ACPI: Using IOAPIC for interrupt routing
[    0.448453] PCI: Using host bridge windows from ACPI; if necessary, use "pci=nocrs" and report a bug
[    0.452292] ACPI: Enabled 2 GPEs in block 00 to 07
[    0.469934] ACPI: PCI Root Bridge [PCI0] (domain 0000 [bus 00-ff])
[    0.472013] acpi PNP0A03:00: _OSC: OS supports [ASPM ClockPM Segments MSI]
[    0.480009] acpi PNP0A03:00: _OSC: not requesting OS control; OS requires [ExtendedConfig ASPM ClockPM MSI]
[    0.484023] acpi PNP0A03:00: fail to add MMCONFIG information, can't access extended PCI configuration space under this bridge.
[    0.489020] PCI host bridge to bus 0000:00
[    0.492009] pci_bus 0000:00: root bus resource [io  0x0000-0x0cf7 window]
[    0.496008] pci_bus 0000:00: root bus resource [io  0x0d00-0xffff window]
[    0.504015] pci_bus 0000:00: root bus resource [mem 0x000a0000-0x000bffff window]
[    0.508008] pci_bus 0000:00: root bus resource [mem 0xe0000000-0xfdffffff window]
[    0.512007] pci_bus 0000:00: root bus resource [bus 00-ff]
[    0.524394] pci 0000:00:01.1: legacy IDE quirk: reg 0x10: [io  0x01f0-0x01f7]
[    0.528008] pci 0000:00:01.1: legacy IDE quirk: reg 0x14: [io  0x03f6]
[    0.532004] pci 0000:00:01.1: legacy IDE quirk: reg 0x18: [io  0x0170-0x0177]
[    0.536005] pci 0000:00:01.1: legacy IDE quirk: reg 0x1c: [io  0x0376]
[    0.563144] pci 0000:00:07.0: quirk: [io  0x4000-0x403f] claimed by PIIX4 ACPI
[    0.564054] pci 0000:00:07.0: quirk: [io  0x4100-0x410f] claimed by PIIX4 SMB
[    0.581923] ACPI: PCI Interrupt Link [LNKA] (IRQs 5 9 10 *11)
[    0.588285] ACPI: PCI Interrupt Link [LNKB] (IRQs 5 9 *10 11)
[    0.592256] ACPI: PCI Interrupt Link [LNKC] (IRQs 5 *9 10 11)
[    0.596354] ACPI: PCI Interrupt Link [LNKD] (IRQs 5 9 10 *11)
[    0.600896] SCSI subsystem initialized
[    0.608153] pci 0000:00:02.0: vgaarb: setting as boot VGA device
[    0.612000] pci 0000:00:02.0: vgaarb: VGA device added: decodes=io+mem,owns=io+mem,locks=none
[    0.612009] pci 0000:00:02.0: vgaarb: bridge control possible
[    0.616003] vgaarb: loaded
[    0.620114] ACPI: bus type USB registered
[    0.624062] usbcore: registered new interface driver usbfs
[    0.628046] usbcore: registered new interface driver hub
[    0.632017] usbcore: registered new device driver usb
[    0.636994] EDAC MC: Ver: 3.0.0
[    0.644457] PCI: Using ACPI for IRQ routing
[    0.649017] NetLabel: Initializing
[    0.652003] NetLabel:  domain hash size = 128
[    0.656003] NetLabel:  protocols = UNLABELED CIPSOv4 CALIPSO
[    0.660199] NetLabel:  unlabeled traffic allowed by default
[    0.668360] clocksource: Switched to clocksource kvm-clock
[    0.711009] VFS: Disk quotas dquot_6.6.0
[    0.711009] VFS: Dquot-cache hash table entries: 512 (order 0, 4096 bytes)
[    0.729492] AppArmor: AppArmor Filesystem Enabled
[    0.732987] pnp: PnP ACPI init
[    0.732987] pnp: PnP ACPI: found 3 devices
[    0.789459] clocksource: acpi_pm: mask: 0xffffff max_cycles: 0xffffff, max_idle_ns: 2085701024 ns
[    0.792447] NET: Registered protocol family 2
[    0.792447] IP idents hash table entries: 65536 (order: 7, 524288 bytes)
[    0.814674] TCP established hash table entries: 32768 (order: 6, 262144 bytes)
[    0.823413] TCP bind hash table entries: 32768 (order: 7, 524288 bytes)
[    0.826149] TCP: Hash tables configured (established 32768 bind 32768)
[    0.826149] UDP hash table entries: 2048 (order: 4, 65536 bytes)
[    0.826149] UDP-Lite hash table entries: 2048 (order: 4, 65536 bytes)
[    0.826149] NET: Registered protocol family 1
[    0.826149] pci 0000:00:00.0: Limiting direct PCI/PCI transfers
[    0.826149] pci 0000:00:01.0: Activating ISA DMA hang workarounds
[    0.826149] pci 0000:00:02.0: Video device with shadowed ROM at [mem 0x000c0000-0x000dffff]
[    0.826149] Unpacking initramfs...
[    1.368227] Freeing initrd memory: 19532K
[    1.372660] PCI-DMA: Using software bounce buffering for IO (SWIOTLB)
[    1.379906] software IO TLB: mapped [mem 0xdbff0000-0xdfff0000] (64MB)
[    1.386617] clocksource: tsc: mask: 0xffffffffffffffff max_cycles: 0x3143404a908, max_idle_ns: 440795209397 ns
[    1.398316] platform rtc_cmos: registered platform RTC device (no PNP device found)
[    1.406419] Scanning for low memory corruption every 60 seconds
[    1.414787] Initialise system trusted keyrings
[    1.420238] Key type blacklist registered
[    1.425178] workingset: timestamp_bits=36 max_order=20 bucket_order=0
[    1.434742] zbud: loaded
[    1.439025] squashfs: version 4.0 (2009/01/31) Phillip Lougher
[    1.447134] fuse init (API version 7.26)
[    1.473725] Key type asymmetric registered
[    1.478217] Asymmetric key parser 'x509' registered
[    1.483962] Block layer SCSI generic (bsg) driver version 0.4 loaded (major 246)
[    1.492561] io scheduler noop registered
[    1.497191] io scheduler deadline registered
[    1.502542] io scheduler cfq registered (default)
[    1.508805] ACPI: AC Adapter [AC] (on-line)
[    1.513324] input: Power Button as /devices/LNXSYSTM:00/LNXPWRBN:00/input/input0
[    1.521479] ACPI: Power Button [PWRF]
[    1.525851] input: Sleep Button as /devices/LNXSYSTM:00/LNXSLPBN:00/input/input1
[    1.533575] ACPI: Sleep Button [SLPF]
[    1.538495] Serial: 8250/16550 driver, 32 ports, IRQ sharing enabled
[    1.578084] 00:02: ttyS0 at I/O 0x3f8 (irq = 4, base_baud = 115200) is a 16550A
[    1.588507] Linux agpgart interface v0.103
[    1.597932] loop: module loaded
[    1.609056] scsi host0: ata_piix
[    1.615267] scsi host1: ata_piix
[    1.619489] ata1: PATA max UDMA/33 cmd 0x1f0 ctl 0x3f6 bmdma 0xd000 irq 14
[    1.627131] ata2: PATA max UDMA/33 cmd 0x170 ctl 0x376 bmdma 0xd008 irq 15
[    1.636003] tun: Universal TUN/TAP device driver, 1.6
[    1.642330] PPP generic driver version 2.4.2
[    1.647954] ehci_hcd: USB 2.0 'Enhanced' Host Controller (EHCI) Driver
[    1.655210] ehci-pci: EHCI PCI platform driver
[    1.661320] ehci-platform: EHCI generic platform driver
[    1.669706] ohci_hcd: USB 1.1 'Open' Host Controller (OHCI) Driver
[    1.676546] ohci-pci: OHCI PCI platform driver
[    1.683022] ohci-platform: OHCI generic platform driver
[    1.689226] uhci_hcd: USB Universal Host Controller Interface driver
[    1.696890] i8042: PNP: PS/2 Controller [PNP0303:PS2K,PNP0f03:PS2M] at 0x60,0x64 irq 1,12
[    1.710355] serio: i8042 KBD port at 0x60,0x64 irq 1
[    1.716070] serio: i8042 AUX port at 0x60,0x64 irq 12
[    1.722611] mousedev: PS/2 mouse device common for all mice
[    1.731294] input: AT Translated Set 2 keyboard as /devices/platform/i8042/serio0/input/input2
[    1.732412] rtc_cmos rtc_cmos: rtc core: registered rtc_cmos as rtc0
[    1.748800] rtc_cmos rtc_cmos: alarms up to one day, 114 bytes nvram
[    1.755494] i2c /dev entries driver
[    1.759365] device-mapper: uevent: version 1.0.3
[    1.765010] device-mapper: ioctl: 4.37.0-ioctl (2017-09-20) initialised: dm-devel@redhat.com
[    1.774261] ledtrig-cpu: registered to indicate activity on CPUs
[    1.784799] NET: Registered protocol family 10
[    1.862984] Segment Routing with IPv6
[    1.866966] NET: Registered protocol family 17
[    1.872632] Key type dns_resolver registered
[    1.878386] mce: Using 0 MCE banks
[    1.882428] RAS: Correctable Errors collector initialized.
[    1.888223] sched_clock: Marking stable (1888159190, 0)->(3476646763, -1588487573)
[    1.901416] registered taskstats version 1
[    1.905977] Loading compiled-in X.509 certificates
[    1.916879] Loaded X.509 cert 'Build time autogenerated kernel key: ffc9dd3886e7b6bb89620497cc57c4262b59bc54'
[    1.928447] Loaded X.509 cert 'Canonical Ltd. Live Patch Signing: 14df34d1a87cf37625abec039ef2bf521249b969'
[    1.939198] Loaded X.509 cert 'Canonical Ltd. Kernel Module Signing: 88f752e560a1e0737e31163a466ad7b70a850c19'
[    1.951956] blacklist: Loading compiled-in revocation X.509 certificates
[    1.959265] Loaded X.509 cert 'Canonical Ltd. Secure Boot Signing: 61482aa2830d0ab2ad5af10b7250da9033ddcef0'
[    1.969735] zswap: loaded using pool lzo/zbud
[    1.984789] Key type big_key registered
[    1.989417] Key type trusted registered
[    1.997462] Key type encrypted registered
[    2.001962] AppArmor: AppArmor sha1 policy hashing enabled
[    2.007633] ima: No TPM chip found, activating TPM-bypass! (rc=-19)
[    2.014198] ima: Allocated hash algorithm: sha1
[    2.019096] evm: HMAC attrs: 0x1
[    2.021389]   Magic number: 3:641:282
[    2.022698] tty tty19: hash matches
[    2.024191] rtc_cmos rtc_cmos: setting system clock to 2023-04-06 14:16:00 UTC (1680790560)
[    2.027901] BIOS EDD facility v0.16 2004-Jun-25, 0 devices found
[    2.031887] EDD information not available.
[    2.040479] Freeing unused kernel image memory: 2472K
[    2.060869] Write protecting the kernel read-only data: 20480k
[    2.068517] Freeing unused kernel image memory: 2008K
[    2.074600] Freeing unused kernel image memory: 1824K
[    2.086058] x86/mm: Checked W+X mappings: passed, no W+X pages found.
Loading, please wait...
starting version 237
[    2.202080] Fusion MPT base driver 3.04.20
[    2.212297] Copyright (c) 1999-2008 LSI Corporation
[    2.239467] e1000: Intel(R) PRO/1000 Network Driver - version 7.3.21-k8-NAPI
[    2.246900] e1000: Copyright (c) 1999-2006 Intel Corporation.
[    2.298205] SSE version of gcm_enc/dec engaged.
[    2.304206] Fusion MPT SPI Host driver 3.04.20
[    2.537973] input: ImExPS/2 Generic Explorer Mouse as /devices/platform/i8042/serio1/input/input4
[    3.690416] e1000 0000:00:03.0 eth0: (PCI:33MHz:32-bit) 02:1d:bb:88:d1:cb
[    3.697725] e1000 0000:00:03.0 eth0: Intel(R) PRO/1000 Network Connection
[    3.707003] mptbase: ioc0: Initiating bringup
[    4.553297] ioc0: LSI53C1030 A0: Capabilities={Initiator}
[    7.383996] scsi host2: ioc0: LSI53C1030 A0, FwRev=00000000h, Ports=1, MaxQ=256, IRQ=20
[    8.029474] scsi 2:0:0:0: Direct-Access     VBOX     HARDDISK         1.0  PQ: 0 ANSI: 5
[    8.068804] scsi target2:0:0: Beginning Domain Validation
[    8.082808] scsi target2:0:0: Domain Validation skipping write tests
[    8.090510] scsi target2:0:0: Ending Domain Validation
[    8.096819] scsi target2:0:0: asynchronous
[    8.103971] scsi 2:0:1:0: Direct-Access     VBOX     HARDDISK         1.0  PQ: 0 ANSI: 5
[    8.377369] scsi target2:0:1: Beginning Domain Validation
[    8.677359] scsi target2:0:1: Domain Validation skipping write tests
[    8.684907] scsi target2:0:1: Ending Domain Validation
[    8.691109] scsi target2:0:1: asynchronous
[    8.709319] sd 2:0:0:0: Attached scsi generic sg0 type 0
[    8.716250] sd 2:0:1:0: Attached scsi generic sg1 type 0
[    8.723294] sd 2:0:0:0: [sda] 83886080 512-byte logical blocks: (42.9 GB/40.0 GiB)
[    8.732088] sd 2:0:1:0: [sdb] 20480 512-byte logical blocks: (10.5 MB/10.0 MiB)
[    8.738709] e1000 0000:00:08.0 eth1: (PCI:33MHz:32-bit) 08:00:27:00:8e:db
[    8.743152] e1000 0000:00:08.0 eth1: Intel(R) PRO/1000 Network Connection
[    8.743211] sd 2:0:0:0: [sda] Write Protect is off
[    8.745925] sd 2:0:1:0: [sdb] Write Protect is off
[    8.753994] sd 2:0:1:0: [sdb] Incomplete mode parameter data
[    8.754074] sd 2:0:0:0: [sda] Incomplete mode parameter data
[    8.759630] sd 2:0:1:0: [sdb] Assuming drive cache: write through
[    8.773028] sd 2:0:1:0: [sdb] Attached SCSI disk
[    8.775965] sd 2:0:0:0: [sda] Assuming drive cache: write through
[    8.793388]  sda: sda1
[    8.799855] sd 2:0:0:0: [sda] Attached SCSI disk
[    8.809318] e1000 0000:00:08.0 enp0s8: renamed from eth1
[    8.832653] e1000 0000:00:03.0 enp0s3: renamed from eth0
Begin: Loading essential drivers ... [   11.727123] raid6: sse2x1   gen() 317441 MB/s
[   12.727583] raid6: sse2x1   xor() 203148 MB/s
[   14.728584] raid6: sse2x2   gen() 407604 MB/s
[   15.768425] raid6: sse2x2   xor() 11070 MB/s
[   15.820217] raid6: sse2x4   gen() 20892 MB/s
[   15.872260] raid6: sse2x4   xor() 10594 MB/s
[   15.877344] raid6: using algorithm sse2x2 gen() 407604 MB/s
[   15.885681] raid6: .... xor() 11070 MB/s, rmw enabled
[   15.891824] raid6: using ssse3x2 recovery algorithm
[   15.899528] xor: measuring software checksum speed
[   15.944230]    prefetch64-sse: 25083.000 MB/sec
[   15.988269]    generic_sse: 22821.000 MB/sec
[   15.992827] xor: using function: prefetch64-sse (25083.000 MB/sec)
[   16.000949] async_tx: api initialized (async)
done.
Begin: Running /scripts/init-premount ... done.
Begin: Mounting root file system ... Begin: Running /scripts/local-top ... done.
Begin: Running /scripts/local-premount ... [   16.075570] Btrfs loaded, crc32c=crc32c-intel
Scanning for Btrfs filesystems
done.
Warning: fsck not present, so skipping root file system
[   16.122824] EXT4-fs (sda1): mounted filesystem with ordered data mode. Opts: (null)
done.
Begin: Running /scripts/local-bottom ... done.
Begin: Running /scripts/init-bottom ... done.
[   16.347720] ip_tables: (C) 2000-2006 Netfilter Core Team
[   16.368143] systemd[1]: systemd 237 running in system mode. (+PAM +AUDIT +SELINUX +IMA +APPARMOR +SMACK +SYSVINIT +UTMP +LIBCRYPTSETUP +GCRYPT +GNUTLS +ACL +XZ +LZ4 +SECCOMP +BLKID +ELFUTILS +KMOD -IDN2 +IDN -PCRE2 default-hierarchy=hybrid)
[   16.390746] systemd[1]: Detected virtualization oracle.
[   16.396163] systemd[1]: Detected architecture x86-64.

Welcome to [1mUbuntu 18.04.6 LTS[0m!

[   16.436640] systemd[1]: Set hostname to <ubuntu>.
[   16.452384] systemd[1]: Initializing machine ID from random generator.
[   16.459197] systemd[1]: Installed transient /etc/machine-id file.
[   16.794734] systemd[1]: Set up automount Arbitrary Executable File Formats File System Automount Point.
[[0;32m  OK  [0m] Set up automount Arbitrary Executab…rmats File System Automount Point.
[   16.818877] systemd[1]: Created slice User and Session Slice.
[[0;32m  OK  [0m] Created slice User and Session Slice.
[   16.827236] systemd[1]: Reached target Swap.
[[0;32m  OK  [0m] Reached target Swap.
[   16.833932] systemd[1]: Created slice System Slice.
[[0;32m  OK  [0m] Created slice System Slice.
[[0;32m  OK  [0m] Listening on Device-mapper event daemon FIFOs.
[[0;32m  OK  [0m] Listening on udev Kernel Socket.
[[0;32m  OK  [0m] Reached target Slices.
[[0;32m  OK  [0m] Listening on Journal Audit Socket.
[[0;32m  OK  [0m] Listening on LVM2 poll daemon socket.
[[0;32m  OK  [0m] Listening on LVM2 metadata daemon socket.
[[0;32m  OK  [0m] Created slice system-serial\x2dgetty.slice.
[[0;32m  OK  [0m] Listening on Journal Socket (/dev/log).
[[0;32m  OK  [0m] Listening on /dev/initctl Compatibility Named Pipe.
[[0;32m  OK  [0m] Listening on Syslog Socket.
[[0;32m  OK  [0m] Listening on fsck to fsckd communication Socket.
[[0;32m  OK  [0m] Listening on udev Control Socket.
[[0;32m  OK  [0m] Listening on Network Service Netlink Socket.
[[0;32m  OK  [0m] Reached target System Time Synchronized.
[[0;32m  OK  [0m] Reached target User and Group Name Lookups.
[[0;32m  OK  [0m] Listening on Journal Socket.
         Mounting Huge Pages File System...
         Mounting POSIX Message Queue File System...
         Starting Journal Service...
         Starting Monitoring of LVM2 mirrors…ng dmeventd or progress polling...
         Mounting Kernel Debug File System...
         Starting Set the console keyboard layout...
         Starting Create list of required st…ce nodes for the current kernel...
         Starting Uncomplicated firewall...
         Starting udev Coldplug all Devices...
         Starting File System Check on Root Device...
         Starting Load Kernel Modules...
[[0;32m  OK  [0m] Started Forward Password Requests to Wall Directory Watch.
[[0;32m  OK  [0m] Started Journal Service.
[[0;32m  OK  [0m] Mounted Huge Pages File System.
[[0;32m  OK  [0m] Mounted POSIX Message Queue File System.
[[0;32m  OK  [0m] Mounted Kernel Debug File System.
[[0;32m  OK  [0m] Started Create list of required sta…vice nodes for the current kernel.
[[0;32m  OK  [0m] Started Uncomplicated firewall.
[[0;32m  OK  [0m] Started LVM2 metadata daemon.
[[0;32m  OK  [0m] Started File System Check Daemon to report status.
         Starting Create Static Device Nodes in /dev...
[[0;32m  OK  [0m] Started File System Check on Root Device.
[[0;32m  OK  [0m] Started udev Coldplug all Devices.
         Starting Remount Root and Kernel File Systems...
[[0;32m  OK  [0m] Started Create Static Device Nodes in /dev.
[   17.205211] Loading iSCSI transport class v2.0-870.
[[0;32m  OK  [0m] Started Monitoring of LVM2 mirrors,…sing dmeventd or progress polling.
[   17.257250] iscsi: registered transport (tcp)
[   17.283339] iscsi: registered transport (iser)
[   17.289971] EXT4-fs (sda1): re-mounted. Opts: (null)
[[0;32m  OK  [0m] Started Load Kernel Modules.
[[0;32m  OK  [0m] Started Remount Root and Kernel File Systems.
         Starting Flush Journal to Persistent Storage...
         Starting Load/Save Random Seed...
         Starting udev Kernel Device Manager...
         Mounting FUSE Control File System...
         Mounting Kernel Configuration File System...
         Starting Apply Kernel Variables...
[[0;32m  OK  [0m] Mounted FUSE Control File System.
[[0;32m  OK  [0m] Mounted Kernel Configuration File System.
[   17.354612] systemd-journald[413]: Received request to flush runtime journal from PID 1
[[0;32m  OK  [0m] Started Load/Save Random Seed.
[[0;32m  OK  [0m] Started udev Kernel Device Manager.
[[0;32m  OK  [0m] Started Apply Kernel Variables.
[[0;32m  OK  [0m] Started Flush Journal to Persistent Storage.
[[0;32m  OK  [0m] Found device /dev/ttyS0.
[[0;32m  OK  [0m] Listening on Load/Save RF Kill Switch Status /dev/rfkill Watch.
         Mounting Arbitrary Executable File Formats File System...
[[0;32m  OK  [0m] Mounted Arbitrary Executable File Formats File System.
[[0;32m  OK  [0m] Started Set the console keyboard layout.
[[0;32m  OK  [0m] Started Dispatch Password Requests to Console Directory Watch.
[[0;32m  OK  [0m] Reached target Local Encrypted Volumes.
[[0;32m  OK  [0m] Reached target Local File Systems (Pre).
[[0;32m  OK  [0m] Reached target Local File Systems.
         Starting ebtables ruleset management...
         Starting Commit a transient machine-id on disk...
         Starting AppArmor initialization...
         Starting Tell Plymouth To Write Out Runtime Data...
         Starting Create Volatile Files and Directories...
         Starting Set console font and keymap...
[[0;32m  OK  [0m] Started Tell Plymouth To Write Out Runtime Data.
[[0;32m  OK  [0m] Started Create Volatile Files and Directories.
         Starting Update UTMP about System Boot/Shutdown...
[[0;32m  OK  [0m] Started Update UTMP about System Boot/Shutdown.
[[0;32m  OK  [0m] Started Commit a transient machine-id on disk.
[[0;32m  OK  [0m] Started ebtables ruleset management.
[[0;32m  OK  [0m] Started AppArmor initialization.
         Starting Initial cloud-init job (pre-networking)...
         Starting Load AppArmor profiles managed internally by snapd...
[[0;32m  OK  [0m] Started Load AppArmor profiles managed internally by snapd.
[[0;32m  OK  [0m] Started Set console font and keymap.
[   20.769280] cloud-init[771]: Cloud-init v. 22.3.4-0ubuntu1~18.04.1 running 'init-local' at Thu, 06 Apr 2023 14:16:18 +0000. Up 20.42 seconds.
[[0;32m  OK  [0m] Started Initial cloud-init job (pre-networking).
[[0;32m  OK  [0m] Reached target Network (Pre).
         Starting Network Service...
[[0;32m  OK  [0m] Started Network Service.
         Starting Wait for Network to be Configured...
         Starting Network Name Resolution...
[[0;32m  OK  [0m] Started Network Name Resolution.
[[0;32m  OK  [0m] Reached target Host and Network Name Lookups.
[[0;32m  OK  [0m] Reached target Network.
[[0;32m  OK  [0m] Started Wait for Network to be Configured.
         Starting Initial cloud-init job (metadata service crawler)...
[   22.599394] cloud-init[948]: Cloud-init v. 22.3.4-0ubuntu1~18.04.1 running 'init' at Thu, 06 Apr 2023 14:16:20 +0000. Up 22.48 seconds.
[   22.604545] cloud-init[948]: ci-info: ++++++++++++++++++++++++++++++++++++++Net device info+++++++++++++++++++++++++++++++++++++++
[   22.608979] cloud-init[948]: ci-info: +--------+-------+----------------------------+---------------+--------+-------------------+
[   22.613508] cloud-init[948]: ci-info: | Device |   Up  |          Address           |      Mask     | Scope  |     Hw-Address    |
[   22.618224] cloud-init[948]: ci-info: +--------+-------+----------------------------+---------------+--------+-------------------+
[   22.622833] cloud-init[948]: ci-info: | enp0s3 |  True |         10.0.2.15          | 255.255.255.0 | global | 02:1d:bb:88:d1:cb |
[   22.627757] cloud-init[948]: ci-info: | enp0s3 |  True | fe80::1d:bbff:fe88:d1cb/64 |       .       |  link  | 02:1d:bb:88:d1:cb |
[   22.632426] cloud-init[948]: ci-info: | enp0s8 | False |             .              |       .       |   .    | 08:00:27:00:8e:db |
[   22.638783] cloud-init[948]: ci-info: |   lo   |  True |         127.0.0.1          |   255.0.0.0   |  host  |         .         |
[   22.643826] cloud-init[948]: ci-info: |   lo   |  True |          ::1/128           |       .       |  host  |         .         |
[   22.648408] cloud-init[948]: ci-info: +--------+-------+----------------------------+---------------+--------+-------------------+
[   22.653177] cloud-init[948]: ci-info: ++++++++++++++++++++++++++++Route IPv4 info+++++++++++++++++++++++++++++
[   22.658725] cloud-init[948]: ci-info: +-------+-------------+----------+-----------------+-----------+-------+
[   22.663442] cloud-init[948]: ci-info: | Route | Destination | Gateway  |     Genmask     | Interface | Flags |
[   22.667714] cloud-init[948]: ci-info: +-------+-------------+----------+-----------------+-----------+-------+
[   22.671621] cloud-init[948]: ci-info: |   0   |   0.0.0.0   | 10.0.2.2 |     0.0.0.0     |   enp0s3  |   UG  |
[   22.675517] cloud-init[948]: ci-info: |   1   |   10.0.2.0  | 0.0.0.0  |  255.255.255.0  |   enp0s3  |   U   |
[   22.679483] cloud-init[948]: ci-info: |   2   |   10.0.2.2  | 0.0.0.0  | 255.255.255.255 |   enp0s3  |   UH  |
[   22.685598] cloud-init[948]: ci-info: +-------+-------------+----------+-----------------+-----------+-------+
[   22.689332] cloud-init[948]: ci-info: +++++++++++++++++++Route IPv6 info+++++++++++++++++++
[   22.692643] cloud-init[948]: ci-info: +-------+-------------+---------+-----------+-------+
[   22.695930] cloud-init[948]: ci-info: | Route | Destination | Gateway | Interface | Flags |
[   22.699103] cloud-init[948]: ci-info: +-------+-------------+---------+-----------+-------+
[   22.702867] cloud-init[948]: ci-info: |   1   |  fe80::/64  |    ::   |   enp0s3  |   U   |
[   22.706689] cloud-init[948]: ci-info: |   3   |    local    |    ::   |   enp0s3  |   U   |
[   22.710176] cloud-init[948]: ci-info: |   4   |   ff00::/8  |    ::   |   enp0s3  |   U   |
[   22.714758] cloud-init[948]: ci-info: +-------+-------------+---------+-----------+-------+
[   23.417444] cloud-init[948]: Generating public/private rsa key pair.
[   23.420358] cloud-init[948]: Your identification has been saved in /etc/ssh/ssh_host_rsa_key.
[   23.423728] cloud-init[948]: Your public key has been saved in /etc/ssh/ssh_host_rsa_key.pub.
[   23.427151] cloud-init[948]: The key fingerprint is:
[   23.429290] cloud-init[948]: SHA256:Shj2YajZ7172qzgdfFF3U9UHGXmdgqhQcFepDY8cDjc root@ubuntu-bionic
[   23.432666] cloud-init[948]: The key's randomart image is:
[   23.434820] cloud-init[948]: +---[RSA 2048]----+
[   23.437230] cloud-init[948]: |     .oo .o.o o=O|
[   23.440232] cloud-init[948]: |     o...E o..+o*|
[   23.442354] cloud-init[948]: |    + + * O. ..oo|
[   23.444361] cloud-init[948]: |   = = o =.o     |
[   23.446237] cloud-init[948]: |  o o o.S  .     |
[   23.448239] cloud-init[948]: |     o .o .      |
[   23.450194] cloud-init[948]: |      o.oo       |
[   23.452439] cloud-init[948]: |     ..+..       |
[   23.454357] cloud-init[948]: |     .+...o.     |
[   23.456470] cloud-init[948]: +----[SHA256]-----+
[   23.458386] cloud-init[948]: Generating public/private dsa key pair.
[   23.461651] cloud-init[948]: Your identification has been saved in /etc/ssh/ssh_host_dsa_key.
[   23.465120] cloud-init[948]: Your public key has been saved in /etc/ssh/ssh_host_dsa_key.pub.
[   23.468606] cloud-init[948]: The key fingerprint is:
[   23.470613] cloud-init[948]: SHA256:A9X270hQmWvdl/L2kRJnoPUtz6SADk6wl/anUOEmOb0 root@ubuntu-bionic
[   23.474121] cloud-init[948]: The key's randomart image is:
[   23.476473] cloud-init[948]: +---[DSA 1024]----+
[   23.478434] cloud-init[948]: |        ..   o   |
[   23.480572] cloud-init[948]: |      ..  + +o   |
[   23.482574] cloud-init[948]: |      .o * =ooo.o|
[   23.484537] cloud-init[948]: |      ..X B.=oo==|
[   23.486449] cloud-init[948]: |       =SO + o**o|
[   23.488371] cloud-init[948]: |        o.E o.o=o|
[   23.490192] cloud-init[948]: |         . + oo o|
[   23.492029] cloud-init[948]: |          . . . .|
[   23.494039] cloud-init[948]: |                 |
[   23.496020] cloud-init[948]: +----[SHA256]-----+
[   23.499211] cloud-init[948]: Generating public/private ecdsa key pair.
[   23.501931] cloud-init[948]: Your identification has been saved in /etc/ssh/ssh_host_ecdsa_key.
[   23.505340] cloud-init[948]: Your public key has been saved in /etc/ssh/ssh_host_ecdsa_key.pub.
[   23.508754] cloud-init[948]: The key fingerprint is:
[[0;32m  OK  [0m] Started Initial cloud-init job (metadata service crawler).
[   23.519272] [[0;32m  OK  [0m] Reached target Network is Online.
         Starting Availability of block devices...
[[0;32m  OK  [0m] Reached target Remote File Systems (Pre).
[[0;32m  OK  [0m] Reached target Remote File Systems.
[[0;32m  OK  [0m] Reached target System Initialization.
[[0;32m  OK  [0m] Listening on UUID daemon activation socket.
[[0;32m  OK  [0m] Started Ubuntu Advantage Timer for running repeated jobs.
         Starting LXD - unix socket.
[[0;32m  OK  [0m] Started Discard unused blocks once a week.
[[0;32m  OK  [0m] Listening on ACPID Listen Socket.
[[0;32m  OK  [0m] Listening on D-Bus System Message Bus Socket.
[[0;32m  OK  [0m] Started Daily apt download activities.
[[0;32m  OK  [0m] Started Message of the Day.
[[0;32m  OK  [0m] Started Daily apt upgrade and clean activities.
[[0;32m  OK  [0m] Listening on Open-iSCSI iscsid Socket.
[[0;32m  OK  [0m] Listening on cloud-init hotplug hook socket.
         Starting Socket activation for snappy daemon.
[[0;32m  OK  [0m] Started Daily Cleanup of Temporary Directories.
[[0;32m  OK  [0m] Reached target Timers.
[[0;32m  OK  [0m] Started ACPI Events Check.
[[0;32m  OK  [0m] Reached target Paths.
[[0;32m  OK  [0m] Reached target Cloud-config availability.
[[0;32m  OK  [0m] Listening on Socket activation for snappy daemon.
[[0;32m  OK  [0m] Listening on LXD - unix socket.
[[0;32m  OK  [0m] Reached target Sockets.
[[0;32m  OK  [0m] Reached target Basic System.
[[0;32m  OK  [0m] Reached target Login Prompts (Pre).
[[0;32m  OK  [0m] Started Regular background program processing daemon.
[[0;32m  OK  [0m] Started irqbalance daemon.
[[0;32m  OK  [0m] Started D-Bus System Message Bus.
cloud-init[948]: SHA256:/s3JJZBVs5iI8xig4eocQ22Ct6AZ5mUKI4kCPLa1cUU root@ubuntu-bionic
[   23.594344] cloud-init[948]: The key's randomart image is:
[   23.603116] cloud-init[948]: +---[ECDSA 256]---+
[   23.611257] cloud-init[948]:          Starting Snap Daemon...
         Starting Login Service...
         Starting System Logging Service...
[[0;32m  OK  [0m] Started Deferred execution scheduler.
         Starting Accounts Service...
|o   . +E      o  |
         Starting Permit User Sessions...
         Starting LSB: Record successful boot for GRUB...
         Starting LSB: automatic crash report generation...
[[0;32m  OK  [0m] Started FUSE filesystem for LXC.
[   23.646914] cloud-init[948]: |o* = + . . . + o |
[   23.652712] cloud-init[948]: |%.BoO   + . + .  |
[   23.658992] cloud-init[948]: |BO+*     = o     |
[   23.665678] cloud-init[948]: |oo=     S +      |
[   23.671079] cloud-init[948]: | o o   .   .     |
[   23.676378] cloud-init[948]: |  o     .   . .  |
[   23.683237] cloud-init[948]: |         . + +   |
[   23.689404] cloud-init[948]: |          . =    |
[   23.694913] cloud-init[948]: +----[SHA256]-----+
[   23.700005] cloud-init[948]: Generating public/private ed25519 key pair.
[   23.705758] cloud-init[948]: Your identification has been saved in /etc/ssh/ssh_host_ed25519_key.
[   23.712826] cloud-init[948]: Your public key has been saved in /etc/ssh/ssh_host_ed25519_key.pub.
[   23.719526] cloud-init[948]: The key fingerprint is:
[   23.724457] cloud-init[948]: SHA256:kECh45aWIjQ2f1s2oLwpLyMnuC70GlHDiWu9N6lS1wI root@ubuntu-bionic
[   23.731038] cloud-init[948]: The key's randomart image is:
[   23.736961] cloud-init[948]: +--[ED25519 256]--+
[   23.742262] cloud-init[948]: |   .+.           |
[   23.749169] cloud-init[948]: |  o... .         |
[   23.755948] cloud-init[948]: | *o= .o          |
[   23.761422] cloud-init[948]: |o.OEo ..         |
[   23.766611]          Starting Pollinate to seed the pseudo random number generator...
         Starting Virtualbox guest utils...
         Starting Dispatcher daemon for systemd-networkd...
         Starting LXD - container startup/shutdown...
[[0;32m  OK  [0m] Started Availability of block devices.
cloud-init[948]: |o+*=...+S        |
[   23.798129] cloud-init[948]: |o=..=o=..        |[[0;32m  OK  [0m] Started Permit User Sessions.

         Starting Terminate Plymouth Boot Screen...
[   23.818646] cloud-init[948]: |ooo+.=.          |         Starting Hold until boot process finishes up...

[   23.828565] [[0;32m  OK  [0m] Started Hold until boot process finishes up.
         Starting Set console scheme...
[cloud-init[948]: [0;32m  OK  [0m] Started Serial Getty on ttyS0.
|=+=.o .          |[[0;32m  OK  [0m] Started Terminate Plymouth Boot Screen.

[   23.861264] cloud-init[948]: |=*=o             |
[   23.874123] cloud-init[948]: +----[SHA256]-----+
[[0;32m  OK  [0m] Started System Logging Service.
[[0;32m  OK  [0m] Started Set console scheme.
[[0;32m  OK  [0m] Created slice system-getty.slice.
[[0;32m  OK  [0m] Started Getty on tty1.
[[0;32m  OK  [0m] Reached target Login Prompts.
[[0;32m  OK  [0m] Started LSB: automatic crash report generation.
[[0;32m  OK  [0m] Started Login Service.
[[0;32m  OK  [0m] Started Unattended Upgrades Shutdown.
         Starting Authorization Manager...
[[0;32m  OK  [0m] Started LSB: Record successful boot for GRUB.
[[0;32m  OK  [0m] Started Authorization Manager.
[[0;32m  OK  [0m] Started Accounts Service.
[[0;32m  OK  [0m] Started LXD - container startup/shutdown.
[[0;32m  OK  [0m] Started Virtualbox guest utils.
[[0;32m  OK  [0m] Started Dispatcher daemon for systemd-networkd.
[[0;32m  OK  [0m] Started Snap Daemon.
         Starting Wait until snapd is fully seeded...
[[0;32m  OK  [0m] Started Pollinate to seed the pseudo random number generator.
         Starting OpenBSD Secure Shell server...
[[0;32m  OK  [0m] Started OpenBSD Secure Shell server.
         Starting Time & Date Service...
[[0;32m  OK  [0m] Started Time & Date Service.
[[0;32m  OK  [0m] Created slice User Slice of vagrant.
         Starting User Manager for UID 1000...
[[0;32m  OK  [0m] Started Session 1 of user vagrant.
[[0;32m  OK  [0m] Started User Manager for UID 1000.
[[0;32m  OK  [0m] Started Wait until snapd is fully seeded.
         Starting Apply the settings specified in cloud-config...
[   27.645635] cloud-init[1431]: Cloud-init v. 22.3.4-0ubuntu1~18.04.1 running 'modules:config' at Thu, 06 Apr 2023 14:16:25 +0000. Up 26.61 seconds.
[[0;32m  OK  [0m] Started Apply the settings specified in cloud-config.
[[0;32m  OK  [0m] Reached target Multi-User System.
[[0;32m  OK  [0m] Reached target Graphical Interface.
         Starting Update UTMP about System Runlevel Changes...
         Starting Execute cloud user/final scripts...
[[0;32m  OK  [0m] Started Update UTMP about System Runlevel Changes.
ci-info: no authorized SSH keys fingerprints found for user ubuntu.
<14>Apr  6 14:16:26 cloud-init: #############################################################
<14>Apr  6 14:16:26 cloud-init: -----BEGIN SSH HOST KEY FINGERPRINTS-----
<14>Apr  6 14:16:26 cloud-init: 1024 SHA256:A9X270hQmWvdl/L2kRJnoPUtz6SADk6wl/anUOEmOb0 root@ubuntu-bionic (DSA)
<14>Apr  6 14:16:26 cloud-init: 256 SHA256:/s3JJZBVs5iI8xig4eocQ22Ct6AZ5mUKI4kCPLa1cUU root@ubuntu-bionic (ECDSA)
<14>Apr  6 14:16:26 cloud-init: 256 SHA256:kECh45aWIjQ2f1s2oLwpLyMnuC70GlHDiWu9N6lS1wI root@ubuntu-bionic (ED25519)
<14>Apr  6 14:16:26 cloud-init: 2048 SHA256:Shj2YajZ7172qzgdfFF3U9UHGXmdgqhQcFepDY8cDjc root@ubuntu-bionic (RSA)
<14>Apr  6 14:16:26 cloud-init: -----END SSH HOST KEY FINGERPRINTS-----
<14>Apr  6 14:16:26 cloud-init: #############################################################
-----BEGIN SSH HOST KEY KEYS-----
ecdsa-sha2-nistp256 AAAAE2VjZHNhLXNoYTItbmlzdHAyNTYAAAAIbmlzdHAyNTYAAABBBEL8i6K2v8qW8P6sFRmUlM1G0F05OD+pe+6mG27R3pQIVJT1RcuuuHUbU4A9bUADrObzoi05LVuQ0hqpL0z0EAo= root@ubuntu-bionic
ssh-ed25519 AAAAC3NzaC1lZDI1NTE5AAAAIJkg+4DeMU162lbhhrcbZW+UBsOIk9M2oBFqLfDDbMZO root@ubuntu-bionic
ssh-rsa AAAAB3NzaC1yc2EAAAADAQABAAABAQCXorOckmwBJ76CThRZLnJI06nC8g5zrFgS6dxo6C9ovBelX6OyCgVtYYIxiYFu6O82P5C2ErmXfsizCZuuiqTh1bSqATtXMZc3jaafh2OKs/eM0eZ/VzAapfdtuL+Q/rCIw9r7OrWSMHfrUJhAERZahi9Vhkt3GhOu3lIO35GBpxZHMi/Q4wLFrXOJYHm7ugEKxAEjzoIJ9JV4juQrO55SVtFCxdXjOTfdGX2t/GlOI7j6clTuWq5IolOgHTu6OQZyWlG4tVBllXlDizqxFoqez0eyiKgc1ze/t1Wm38O8rVWXVEy//rQNwz1zbdX0RI7e0NJlXwc+s9ByQjfeqDD5 root@ubuntu-bionic
-----END SSH HOST KEY KEYS-----
[   28.459605] cloud-init[1528]: Cloud-init v. 22.3.4-0ubuntu1~18.04.1 running 'modules:final' at Thu, 06 Apr 2023 14:16:26 +0000. Up 28.23 seconds.
[   28.467252] cloud-init[1528]: Cloud-init v. 22.3.4-0ubuntu1~18.04.1 finished at Thu, 06 Apr 2023 14:16:26 +0000. Datasource DataSourceNoCloud [seed=/dev/sdb][dsmode=net].  Up 28.45 seconds
[[0;32m  OK  [0m] Started Execute cloud user/final scripts.
[[0;32m  OK  [0m] Reached target Cloud-init target.

Ubuntu 18.04.6 LTS ubuntu-bionic ttyS0

ubuntu-bionic login: [[0;32m  OK  [0m] Stopped target Graphical Interface.
         Stopping Authorization Manager...
[[0;32m  OK  [0m] Stopped target Cloud-init target.
[[0;32m  OK  [0m] Stopped target Host and Network Name Lookups.
         Stopping User Manager for UID 1000...
         Stopping Accounts Service...
[[0;32m  OK  [0m] Closed Load/Save RF Kill Switch Status /dev/rfkill Watch.
         Stopping Session 3 of user vagrant.
         Stopping Availability of block devices...
[[0;32m  OK  [0m] Stopped target Timers.
[[0;32m  OK  [0m] Stopped Message of the Day.
[[0;32m  OK  [0m] Stopped Ubuntu Advantage Timer for running repeated jobs.
[[0;32m  OK  [0m] Stopped Daily apt upgrade and clean activities.
[[0;32m  OK  [0m] Stopped Daily Cleanup of Temporary Directories.
[[0;32m  OK  [0m] Stopped Daily apt download activities.
[[0;32m  OK  [0m] Stopped Execute cloud user/final scripts.
[[0;32m  OK  [0m] Stopped target Multi-User System.
         Stopping Regular background program processing daemon...
         Stopping Dispatcher daemon for systemd-networkd...
         Stopping LXD - container startup/shutdown...
         Stopping D-Bus          Stopping Serial Getty on ttyS0...
         Stopping Unattended Upgrades Shutdown...
         Stopping System Logging Service...
[[0;32m  OK  [0m] Stopped Apply the settings specified in cloud-config.
[[0;32m  OK  [0m] Stopped target Cloud-config availability.
[[0;32m  OK  [0m] Stopped Wait until snapd is fully seeded.
[[0;32m  OK  [0m] Stopped Discard unused blocks once a week.
[[0;32m  OK  [0m] Stopped target System Time Synchronized.
[[0;32m  OK  [0m] Unmounted /var/lib/lxcfs.
[[0;32m  OK  [0m] Stopped Regular background program processing daemon.
[[0;32m  OK  [0m] Stopped irqbalance daemon.
[[0;32m  OK  [0m] Stopped System Logging Service.
[[0;32m  OK  [0m] Stopped Deferred execution scheduler.
[[0;32m  OK  [0m] Stopped Accounts Service.
[[0;32m  OK  [0m] Stopped Dispatcher daemon for systemd-networkd.
[[0;32m  OK  [0m] Stopped Serial Getty on ttyS0.
[[0;32m  OK  [0m] Stopped Getty on tty1.
[[0;32m  OK  [0m] Stopped Authorization Manager.
[[0;32m  OK  [0m] Stopped Unattended Upgrades Shutdown.
[[0;32m  OK  [0m] Stopped OpenBSD Secure Shell server.
[[0;32m  OK  [0m] Stopped User Manager for UID 1000.
[[0;32m  OK  [0m] Stopped Availability of block devices.
[[0;32m  OK  [0m] Stopped D-Bus System Message Bus.
[[0;32m  OK  [0m] Stopped A high performance web server and a reverse proxy server.
[[0;32m  OK  [0m] Stopped FUSE filesystem for LXC.
[[0;32m  OK  [0m] Stopped Session 3 of user vagrant.
[[0;32m  OK  [0m] Stopped LXD - container startup/shutdown.
[[0;32m  OK  [0m] Stopped LSB: Record successful boot for GRUB.
[[0;32m  OK  [0m] Stopped LSB: automatic crash report generation.
[[0;32m  OK  [0m] Stopped Virtualbox guest utils.
[[0;32m  OK  [0m] Removed slice User Slice of vagrant.
         Stopping Login Service...
[[0;32m  OK  [0m] Removed slice system-getty.slice.
[[0;32m  OK  [0m] Removed slice system-serial\x2dgetty.slice.
[[0;32m  OK  [0m] Stopped target Login Prompts (Pre).
         Stopping Permit User Sessions...
[[0;32m  OK  [0m] Stopped PostgreSQL Cluster 10-main.
[[0;32m  OK  [0m] Removed slice system-postgresql.slice.
[[0;32m  OK  [0m] Stopped Permit User Sessions.
[[0;32m  OK  [0m] Stopped target Remote File Systems.
         Unmounting /vagrant...
[[0;32m  OK  [0m] Stopped Login Service.
[[0;32m  OK  [0m] Unmounted /vagrant.
[[0;32m  OK  [0m] Stopped target Remote File Systems (Pre).
[[0;32m  OK  [0m] Stopped target Network is Online.
[[0;32m  OK  [0m] Stopped target Network.
         Stopping Network Name Resolution...
[[0;32m  OK  [0m] Stopped target Basic System.
[[0;32m  OK  [0m] Stopped target Sockets.
[[0;32m  OK  [0m] Closed Open-iSCSI iscsid Socket.
[[0;32m  OK  [0m] Closed LXD - unix socket.
[[0;32m  OK  [0m] Closed Socket activation for snappy daemon.
[[0;32m  OK  [0m] Closed ACPID Listen Socket.
[[0;32m  OK  [0m] Closed Syslog Socket.
[[0;32m  OK  [0m] Closed UUID daemon activation socket.
[[0;32m  OK  [0m] Closed cloud-init hotplug hook socket.
[[0;32m  OK  [0m] Stopped target Paths.
[[0;32m  OK  [0m] Stopped ACPI Events Check.
[[0;32m  OK  [0m] Stopped target Slices.
[[0;32m  OK  [0m] Removed slice User and Session Slice.
[[0;32m  OK  [0m] Closed D-Bus System Message Bus Socket.
[[0;32m  OK  [0m] Stopped target System Initialization.
         Stopping Update UTMP about System Boot/Shutdown...
[[0;32m  OK  [0m] Stopped Commit a transient machine-id on disk.
[[0;32m  OK  [0m] Stopped Initial cloud-init job (metadata service crawler).
[[0;32m  OK  [0m] Stopped target Local Encrypted Volumes.
[[0;32m  OK  [0m] Stopped Forward Password Requests to Wall Directory Watch.
[[0;32m  OK  [0m] Stopped Dispatch Password Requests to Console Directory Watch.
         Stopping Load/Save Random Seed...
[[0;32m  OK  [0m] Stopped target User and Group Name Lookups.
[[0;32m  OK  [0m] Stopped Network Name Resolution.
         Stopping Network Service...
[[0;32m  OK  [0m] Stopped Update UTMP about System Boot/Shutdown.
[[0;32m  OK  [0m] Stopped Load/Save Random Seed.
[[0;32m  OK  [0m] Stopped Create Volatile Files and Directories.
[[0;32m  OK  [0m] Stopped target Local File Systems.
         Unmounting /run/user/1000...
[[0;32m  OK  [0m] Unmounted /run/user/1000.
[[0;32m  OK  [0m] Reached target Unmount All Filesystems.
[[0;32m  OK  [0m] Stopped target Swap.
[[0;32m  OK  [0m] Stopped target Local File Systems (Pre).
[[0;32m  OK  [0m] Stopped Create Static Device Nodes in /dev.
         Stopping Monitoring of LVM2 mirrors…ng dmeventd or progress polling...
[[0;32m  OK  [0m] Stopped Monitoring of LVM2 mirrors,…sing dmeventd or progress polling.
         Stopping LVM2 metadata daemon...
[[0;32m  OK  [0m] Stopped LVM2 metadata daemon.
[[0;32m  OK  [0m] Stopped Network Service.
[[0;32m  OK  [0m] Stopped target Network (Pre).
[[0;32m  OK  [0m] Stopped Initial cloud-init job (pre-networking).
[[0;32m  OK  [0m] Stopped Remount Root and Kernel File Systems.
[[0;32m  OK  [0m] Stopped Apply Kernel Variables.
[[0;32m  OK  [0m] Stopped Load Kernel Modules.
[[0;32m  OK  [0m] Reached target Shutdown.
[[0;32m  OK  [0m] Reached target Final Step.
         Starting Reboot...
[  688.041594] reboot: Restarting system
[    0.000000] Linux version 4.15.0-197-generic (buildd@lcy02-amd64-110) (gcc version 7.5.0 (Ubuntu 7.5.0-3ubuntu1~18.04)) #208-Ubuntu SMP Tue Nov 1 17:23:37 UTC 2022 (Ubuntu 4.15.0-197.208-generic 4.15.18)
[    0.000000] Command line: BOOT_IMAGE=/boot/vmlinuz-4.15.0-197-generic root=LABEL=cloudimg-rootfs ro console=tty1 console=ttyS0
[    0.000000] KERNEL supported cpus:
[    0.000000]   Intel GenuineIntel
[    0.000000]   AMD AuthenticAMD
[    0.000000]   Centaur CentaurHauls
[    0.000000] x86/fpu: x87 FPU will use FXSAVE
[    0.000000] e820: BIOS-provided physical RAM map:
[    0.000000] BIOS-e820: [mem 0x0000000000000000-0x000000000009fbff] usable
[    0.000000] BIOS-e820: [mem 0x000000000009fc00-0x000000000009ffff] reserved
[    0.000000] BIOS-e820: [mem 0x00000000000f0000-0x00000000000fffff] reserved
[    0.000000] BIOS-e820: [mem 0x0000000000100000-0x00000000dffeffff] usable
[    0.000000] BIOS-e820: [mem 0x00000000dfff0000-0x00000000dfffffff] ACPI data
[    0.000000] BIOS-e820: [mem 0x00000000fec00000-0x00000000fec00fff] reserved
[    0.000000] BIOS-e820: [mem 0x00000000fee00000-0x00000000fee00fff] reserved
[    0.000000] BIOS-e820: [mem 0x00000000fffc0000-0x00000000ffffffff] reserved
[    0.000000] BIOS-e820: [mem 0x0000000100000000-0x000000011fffffff] usable
[    0.000000] NX (Execute Disable) protection: active
[    0.000000] SMBIOS 2.5 present.
[    0.000000] DMI: innotek GmbH VirtualBox/VirtualBox, BIOS VirtualBox 12/01/2006
[    0.000000] Hypervisor detected: KVM
[    0.000000] e820: last_pfn = 0x120000 max_arch_pfn = 0x400000000
[    0.000000] MTRR: Disabled
[    0.000000] x86/PAT: MTRRs disabled, skipping PAT initialization too.
[    0.000000] CPU MTRRs all blank - virtualized system.
[    0.000000] x86/PAT: Configuration [0-7]: WB  WT  UC- UC  WB  WT  UC- UC  
[    0.000000] e820: last_pfn = 0xdfff0 max_arch_pfn = 0x400000000
[    0.000000] found SMP MP-table at [mem 0x0009fff0-0x0009ffff]
[    0.000000] Scanning 1 areas for low memory corruption
[    0.000000] RAMDISK: [mem 0x359c9000-0x36cdbfff]
[    0.000000] ACPI: Early table checksum verification disabled
[    0.000000] ACPI: RSDP 0x00000000000E0000 000024 (v02 VBOX  )
[    0.000000] ACPI: XSDT 0x00000000DFFF0030 00003C (v01 VBOX   VBOXXSDT 00000001 ASL  00000061)
[    0.000000] ACPI: FACP 0x00000000DFFF00F0 0000F4 (v04 VBOX   VBOXFACP 00000001 ASL  00000061)
[    0.000000] ACPI: DSDT 0x00000000DFFF0610 002353 (v02 VBOX   VBOXBIOS 00000002 INTL 20100528)
[    0.000000] ACPI: FACS 0x00000000DFFF0200 000040
[    0.000000] ACPI: FACS 0x00000000DFFF0200 000040
[    0.000000] ACPI: APIC 0x00000000DFFF0240 00005C (v02 VBOX   VBOXAPIC 00000001 ASL  00000061)
[    0.000000] ACPI: SSDT 0x00000000DFFF02A0 00036C (v01 VBOX   VBOXCPUT 00000002 INTL 20100528)
[    0.000000] ACPI: Reserving FACP table memory at [mem 0xdfff00f0-0xdfff01e3]
[    0.000000] ACPI: Reserving DSDT table memory at [mem 0xdfff0610-0xdfff2962]
[    0.000000] ACPI: Reserving FACS table memory at [mem 0xdfff0200-0xdfff023f]
[    0.000000] ACPI: Reserving FACS table memory at [mem 0xdfff0200-0xdfff023f]
[    0.000000] ACPI: Reserving APIC table memory at [mem 0xdfff0240-0xdfff029b]
[    0.000000] ACPI: Reserving SSDT table memory at [mem 0xdfff02a0-0xdfff060b]
[    0.000000] No NUMA configuration found
[    0.000000] Faking a node at [mem 0x0000000000000000-0x000000011fffffff]
[    0.000000] NODE_DATA(0) allocated [mem 0x11ffd5000-0x11fffffff]
[    0.000000] kvm-clock: cpu 0, msr 1:1ff54001, primary cpu clock
[    0.000000] kvm-clock: Using msrs 4b564d01 and 4b564d00
[    0.000000] kvm-clock: using sched offset of 699920405427 cycles
[    0.000000] clocksource: kvm-clock: mask: 0xffffffffffffffff max_cycles: 0x1cd42e4dffb, max_idle_ns: 881590591483 ns
[    0.000000] Zone ranges:
[    0.000000]   DMA      [mem 0x0000000000001000-0x0000000000ffffff]
[    0.000000]   DMA32    [mem 0x0000000001000000-0x00000000ffffffff]
[    0.000000]   Normal   [mem 0x0000000100000000-0x000000011fffffff]
[    0.000000]   Device   empty
[    0.000000] Movable zone start for each node
[    0.000000] Early memory node ranges
[    0.000000]   node   0: [mem 0x0000000000001000-0x000000000009efff]
[    0.000000]   node   0: [mem 0x0000000000100000-0x00000000dffeffff]
[    0.000000]   node   0: [mem 0x0000000100000000-0x000000011fffffff]
[    0.000000] Reserved but unavailable: 104 pages
[    0.000000] Initmem setup node 0 [mem 0x0000000000001000-0x000000011fffffff]
[    0.000000] ACPI: PM-Timer IO Port: 0x4008
[    0.000000] IOAPIC[0]: apic_id 2, version 32, address 0xfec00000, GSI 0-23
[    0.000000] ACPI: INT_SRC_OVR (bus 0 bus_irq 0 global_irq 2 dfl dfl)
[    0.000000] ACPI: INT_SRC_OVR (bus 0 bus_irq 9 global_irq 9 low level)
[    0.000000] Using ACPI (MADT) for SMP configuration information
[    0.000000] smpboot: Allowing 2 CPUs, 0 hotplug CPUs
[    0.000000] PM: Registered nosave memory: [mem 0x00000000-0x00000fff]
[    0.000000] PM: Registered nosave memory: [mem 0x0009f000-0x0009ffff]
[    0.000000] PM: Registered nosave memory: [mem 0x000a0000-0x000effff]
[    0.000000] PM: Registered nosave memory: [mem 0x000f0000-0x000fffff]
[    0.000000] PM: Registered nosave memory: [mem 0xdfff0000-0xdfffffff]
[    0.000000] PM: Registered nosave memory: [mem 0xe0000000-0xfebfffff]
[    0.000000] PM: Registered nosave memory: [mem 0xfec00000-0xfec00fff]
[    0.000000] PM: Registered nosave memory: [mem 0xfec01000-0xfedfffff]
[    0.000000] PM: Registered nosave memory: [mem 0xfee00000-0xfee00fff]
[    0.000000] PM: Registered nosave memory: [mem 0xfee01000-0xfffbffff]
[    0.000000] PM: Registered nosave memory: [mem 0xfffc0000-0xffffffff]
[    0.000000] e820: [mem 0xe0000000-0xfebfffff] available for PCI devices
[    0.000000] Booting paravirtualized kernel on KVM
[    0.000000] clocksource: refined-jiffies: mask: 0xffffffff max_cycles: 0xffffffff, max_idle_ns: 7645519600211568 ns
[    0.000000] setup_percpu: NR_CPUS:8192 nr_cpumask_bits:2 nr_cpu_ids:2 nr_node_ids:1
[    0.000000] percpu: Embedded 50 pages/cpu s167936 r8192 d28672 u1048576
[    0.000000] PV qspinlock hash table entries: 256 (order: 0, 4096 bytes)
[    0.000000] Built 1 zonelists, mobility grouping on.  Total pages: 1032057
[    0.000000] Policy zone: Normal
[    0.000000] Kernel command line: BOOT_IMAGE=/boot/vmlinuz-4.15.0-197-generic root=LABEL=cloudimg-rootfs ro console=tty1 console=ttyS0
[    0.000000] Memory: 4013272K/4193848K available (12300K kernel code, 2477K rwdata, 4320K rodata, 2472K init, 2720K bss, 180576K reserved, 0K cma-reserved)
[    0.000000] SLUB: HWalign=64, Order=0-3, MinObjects=0, CPUs=2, Nodes=1
[    0.000000] ftrace: allocating 39478 entries in 155 pages
[    0.004000] Hierarchical RCU implementation.
[    0.004000] 	RCU restricting CPUs from NR_CPUS=8192 to nr_cpu_ids=2.
[    0.004000] 	Tasks RCU enabled.
[    0.004000] RCU: Adjusting geometry for rcu_fanout_leaf=16, nr_cpu_ids=2
[    0.004000] NR_IRQS: 524544, nr_irqs: 440, preallocated irqs: 16
[    0.004000] random: crng init done
[    0.004000] Console: colour VGA+ 80x25
[    0.004000] console [tty1] enabled
[    0.004000] console [ttyS0] enabled
[    0.004000] ACPI: Core revision 20170831
[    0.004000] ACPI: 2 ACPI AML tables successfully acquired and loaded
[    0.004000] APIC: Switch to symmetric I/O mode setup
[    0.008000] ..TIMER: vector=0x30 apic1=0 pin1=2 apic2=-1 pin2=-1
[    0.008006] tsc: Detected 3417.600 MHz processor
[    0.012010] Calibrating delay loop (skipped) preset value.. 6835.20 BogoMIPS (lpj=13670400)
[    0.016009] pid_max: default: 32768 minimum: 301
[    0.020035] Security Framework initialized
[    0.024002] Yama: becoming mindful.
[    0.028018] AppArmor: AppArmor initialized
[    0.032496] Dentry cache hash table entries: 524288 (order: 10, 4194304 bytes)
[    0.040367] Inode-cache hash table entries: 262144 (order: 9, 2097152 bytes)
[    0.044028] Mount-cache hash table entries: 8192 (order: 4, 65536 bytes)
[    0.048024] Mountpoint-cache hash table entries: 8192 (order: 4, 65536 bytes)
[    0.054170] Last level iTLB entries: 4KB 0, 2MB 0, 4MB 0
[    0.056006] Last level dTLB entries: 4KB 0, 2MB 0, 4MB 0, 1GB 0
[    0.060008] Spectre V1 : Mitigation: usercopy/swapgs barriers and __user pointer sanitization
[    0.064007] Spectre V2 : Mitigation: Enhanced IBRS
[    0.068006] Spectre V2 : Spectre v2 / SpectreRSB mitigation: Filling RSB on context switch
[    0.072006] Speculative Store Bypass: Vulnerable
[    0.076129] Freeing SMP alternatives memory: 36K
[    0.192007] APIC calibration not consistent with PM-Timer: 97ms instead of 100ms
[    0.196000] APIC delta adjusted to PM-Timer: 6249573 (6107648)
[    0.196416] smpboot: CPU0: 13th Gen Intel(R) Core(TM) i7-13700K (family: 0x6, model: 0xb7, stepping: 0x1)
[    0.200095] Performance Events: unsupported p6 CPU model 183 no PMU driver, software events only.
[    0.204206] Hierarchical SRCU implementation.
[    0.212132] NMI watchdog: Perf event create on CPU 0 failed with -2
[    0.216004] NMI watchdog: Perf NMI watchdog permanently disabled
[    0.220070] smp: Bringing up secondary CPUs ...
[    0.224106] x86: Booting SMP configuration:
[    0.228155] .... node  #0, CPUs:      #1
[    0.004000] kvm-clock: cpu 1, msr 1:1ff54041, secondary cpu clock
[    0.246047] TSC synchronization [CPU#0 -> CPU#1]:
[    0.248000] Measured 39528 cycles TSC warp between CPUs, turning off TSC clock.
[    0.248000] tsc: Marking TSC unstable due to check_tsc_sync_source failed
[    0.248817] smp: Brought up 1 node, 2 CPUs
[    0.252011] smpboot: Max logical packages: 1
[    0.256009] smpboot: Total of 2 processors activated (13670.40 BogoMIPS)
[    0.260338] devtmpfs: initialized
[    0.264040] x86/mm: Memory block size: 128MB
[    0.269112] evm: security.selinux
[    0.272004] evm: security.SMACK64
[    0.276004] evm: security.SMACK64EXEC
[    0.280003] evm: security.SMACK64TRANSMUTE
[    0.284004] evm: security.SMACK64MMAP
[    0.288002] evm: security.apparmor
[    0.292005] evm: security.ima
[    0.296004] evm: security.capability
[    0.304562] clocksource: jiffies: mask: 0xffffffff max_cycles: 0xffffffff, max_idle_ns: 7645041785100000 ns
[    0.308019] futex hash table entries: 512 (order: 3, 32768 bytes)
[    0.312059] pinctrl core: initialized pinctrl subsystem
[    0.316405] RTC time: 14:27:28, date: 04/06/23
[    0.326066] NET: Registered protocol family 16
[    0.328068] audit: initializing netlink subsys (disabled)
[    0.332537] audit: type=2000 audit(1680791953.175:1): state=initialized audit_enabled=0 res=1
[    0.344006] cpuidle: using governor ladder
[    0.348018] cpuidle: using governor menu
[    0.352045] ACPI: bus type PCI registered
[    0.356003] acpiphp: ACPI Hot Plug PCI Controller Driver version: 0.5
[    0.360357] PCI: Using configuration type 1 for base access
[    0.369825] HugeTLB registered 2.00 MiB page size, pre-allocated 0 pages
[    0.376435] ACPI: Added _OSI(Module Device)
[    0.380005] ACPI: Added _OSI(Processor Device)
[    0.384003] ACPI: Added _OSI(3.0 _SCP Extensions)
[    0.388005] ACPI: Added _OSI(Processor Aggregator Device)
[    0.392005] ACPI: Added _OSI(Linux-Dell-Video)
[    0.396006] ACPI: Added _OSI(Linux-Lenovo-NV-HDMI-Audio)
[    0.400004] ACPI: Added _OSI(Linux-HPI-Hybrid-Graphics)
[    0.409093] ACPI: Executed 1 blocks of module-level executable AML code
[    0.415464] ACPI: Interpreter enabled
[    0.416022] ACPI: (supports S0 S5)
[    0.419838] ACPI: Using IOAPIC for interrupt routing
[    0.420514] PCI: Using host bridge windows from ACPI; if necessary, use "pci=nocrs" and report a bug
[    0.424300] ACPI: Enabled 2 GPEs in block 00 to 07
[    0.442767] ACPI: PCI Root Bridge [PCI0] (domain 0000 [bus 00-ff])
[    0.444013] acpi PNP0A03:00: _OSC: OS supports [ASPM ClockPM Segments MSI]
[    0.448842] acpi PNP0A03:00: _OSC: not requesting OS control; OS requires [ExtendedConfig ASPM ClockPM MSI]
[    0.452025] acpi PNP0A03:00: fail to add MMCONFIG information, can't access extended PCI configuration space under this bridge.
[    0.456862] PCI host bridge to bus 0000:00
[    0.460003] pci_bus 0000:00: root bus resource [io  0x0000-0x0cf7 window]
[    0.464009] pci_bus 0000:00: root bus resource [io  0x0d00-0xffff window]
[    0.468011] pci_bus 0000:00: root bus resource [mem 0x000a0000-0x000bffff window]
[    0.472010] pci_bus 0000:00: root bus resource [mem 0xe0000000-0xfdffffff window]
[    0.476011] pci_bus 0000:00: root bus resource [bus 00-ff]
[    0.490868] pci 0000:00:01.1: legacy IDE quirk: reg 0x10: [io  0x01f0-0x01f7]
[    0.496010] pci 0000:00:01.1: legacy IDE quirk: reg 0x14: [io  0x03f6]
[    0.500008] pci 0000:00:01.1: legacy IDE quirk: reg 0x18: [io  0x0170-0x0177]
[    0.504009] pci 0000:00:01.1: legacy IDE quirk: reg 0x1c: [io  0x0376]
[    0.533140] pci 0000:00:07.0: quirk: [io  0x4000-0x403f] claimed by PIIX4 ACPI
[    0.536057] pci 0000:00:07.0: quirk: [io  0x4100-0x410f] claimed by PIIX4 SMB
[    0.555234] ACPI: PCI Interrupt Link [LNKA] (IRQs 5 9 10 *11)
[    0.556642] ACPI: PCI Interrupt Link [LNKB] (IRQs 5 9 *10 11)
[    0.560275] ACPI: PCI Interrupt Link [LNKC] (IRQs 5 *9 10 11)
[    0.564200] ACPI: PCI Interrupt Link [LNKD] (IRQs 5 9 10 *11)
[    0.568307] SCSI subsystem initialized
[    0.576195] pci 0000:00:02.0: vgaarb: setting as boot VGA device
[    0.580000] pci 0000:00:02.0: vgaarb: VGA device added: decodes=io+mem,owns=io+mem,locks=none
[    0.580009] pci 0000:00:02.0: vgaarb: bridge control possible
[    0.584006] vgaarb: loaded
[    0.588039] ACPI: bus type USB registered
[    0.592021] usbcore: registered new interface driver usbfs
[    0.596036] usbcore: registered new interface driver hub
[    0.600030] usbcore: registered new device driver usb
[    0.605034] EDAC MC: Ver: 3.0.0
[    0.616162] PCI: Using ACPI for IRQ routing
[    0.624944] NetLabel: Initializing
[    0.632005] NetLabel:  domain hash size = 128
[    0.636005] NetLabel:  protocols = UNLABELED CIPSOv4 CALIPSO
[    0.648023] NetLabel:  unlabeled traffic allowed by default
[    0.664008] clocksource: Switched to clocksource kvm-clock
[    0.675735] VFS: Disk quotas dquot_6.6.0
[    0.684552] VFS: Dquot-cache hash table entries: 512 (order 0, 4096 bytes)
[    0.693220] AppArmor: AppArmor Filesystem Enabled
[    0.699869] pnp: PnP ACPI init
[    0.705923] pnp: PnP ACPI: found 3 devices
[    0.717917] clocksource: acpi_pm: mask: 0xffffff max_cycles: 0xffffff, max_idle_ns: 2085701024 ns
[    0.728936] NET: Registered protocol family 2
[    0.734500] IP idents hash table entries: 65536 (order: 7, 524288 bytes)
[    0.743928] TCP established hash table entries: 32768 (order: 6, 262144 bytes)
[    0.752919] TCP bind hash table entries: 32768 (order: 7, 524288 bytes)
[    0.760803] TCP: Hash tables configured (established 32768 bind 32768)
[    0.769037] UDP hash table entries: 2048 (order: 4, 65536 bytes)
[    0.777432] UDP-Lite hash table entries: 2048 (order: 4, 65536 bytes)
[    0.784897] NET: Registered protocol family 1
[    0.791068] pci 0000:00:00.0: Limiting direct PCI/PCI transfers
[    0.799066] pci 0000:00:01.0: Activating ISA DMA hang workarounds
[    0.807890] pci 0000:00:02.0: Video device with shadowed ROM at [mem 0x000c0000-0x000dffff]
[    0.819332] Unpacking initramfs...
[    1.038643] Freeing initrd memory: 19532K
[    1.045881] PCI-DMA: Using software bounce buffering for IO (SWIOTLB)
[    1.053360] software IO TLB: mapped [mem 0xdbff0000-0xdfff0000] (64MB)
[    1.064068] clocksource: tsc: mask: 0xffffffffffffffff max_cycles: 0x3143404a908, max_idle_ns: 440795209397 ns
[    1.075456] platform rtc_cmos: registered platform RTC device (no PNP device found)
[    1.084058] Scanning for low memory corruption every 60 seconds
[    1.092508] Initialise system trusted keyrings
[    1.098368] Key type blacklist registered
[    1.103395] workingset: timestamp_bits=36 max_order=20 bucket_order=0
[    1.111626] zbud: loaded
[    1.115263] squashfs: version 4.0 (2009/01/31) Phillip Lougher
[    1.122672] fuse init (API version 7.26)
[    1.174961] Key type asymmetric registered
[    1.180080] Asymmetric key parser 'x509' registered
[    1.185182] Block layer SCSI generic (bsg) driver version 0.4 loaded (major 246)
[    1.197367] io scheduler noop registered
[    1.202336] io scheduler deadline registered
[    1.207892] io scheduler cfq registered (default)
[    1.214252] ACPI: AC Adapter [AC] (on-line)
[    1.219922] input: Power Button as /devices/LNXSYSTM:00/LNXPWRBN:00/input/input0
[    1.230107] ACPI: Power Button [PWRF]
[    1.234652] input: Sleep Button as /devices/LNXSYSTM:00/LNXSLPBN:00/input/input1
[    1.243850] ACPI: Sleep Button [SLPF]
[    1.249319] Serial: 8250/16550 driver, 32 ports, IRQ sharing enabled
[    1.291907] 00:02: ttyS0 at I/O 0x3f8 (irq = 4, base_baud = 115200) is a 16550A
[    1.302023] Linux agpgart interface v0.103
[    1.309095] loop: module loaded
[    1.316798] scsi host0: ata_piix
[    1.321783] scsi host1: ata_piix
[    1.326318] ata1: PATA max UDMA/33 cmd 0x1f0 ctl 0x3f6 bmdma 0xd000 irq 14
[    1.333779] ata2: PATA max UDMA/33 cmd 0x170 ctl 0x376 bmdma 0xd008 irq 15
[    1.339289] tun: Universal TUN/TAP device driver, 1.6
[    1.341790] PPP generic driver version 2.4.2
[    1.343472] ehci_hcd: USB 2.0 'Enhanced' Host Controller (EHCI) Driver
[    1.348586] ehci-pci: EHCI PCI platform driver
[    1.354381] ehci-platform: EHCI generic platform driver
[    1.360381] ohci_hcd: USB 1.1 'Open' Host Controller (OHCI) Driver
[    1.369059] ohci-pci: OHCI PCI platform driver
[    1.374594] ohci-platform: OHCI generic platform driver
[    1.381560] uhci_hcd: USB Universal Host Controller Interface driver
[    1.389693] i8042: PNP: PS/2 Controller [PNP0303:PS2K,PNP0f03:PS2M] at 0x60,0x64 irq 1,12
[    1.405587] serio: i8042 KBD port at 0x60,0x64 irq 1
[    1.411520] serio: i8042 AUX port at 0x60,0x64 irq 12
[    1.419054] mousedev: PS/2 mouse device common for all mice
[    1.430441] input: AT Translated Set 2 keyboard as /devices/platform/i8042/serio0/input/input2
[    1.430843] rtc_cmos rtc_cmos: rtc core: registered rtc_cmos as rtc0
[    1.449046] rtc_cmos rtc_cmos: alarms up to one day, 114 bytes nvram
[    1.455803] i2c /dev entries driver
[    1.460237] device-mapper: uevent: version 1.0.3
[    1.465766] device-mapper: ioctl: 4.37.0-ioctl (2017-09-20) initialised: dm-devel@redhat.com
[    1.476725] ledtrig-cpu: registered to indicate activity on CPUs
[    1.486759] NET: Registered protocol family 10
[    1.532485] Segment Routing with IPv6
[    1.537015] NET: Registered protocol family 17
[    1.541803] Key type dns_resolver registered
[    1.572539] mce: Using 0 MCE banks
[    1.576931] RAS: Correctable Errors collector initialized.
[    1.582842] sched_clock: Marking stable (1582777443, 0)->(2734569571, -1151792128)
[    1.597099] registered taskstats version 1
[    1.604881] Loading compiled-in X.509 certificates
[    1.616023] Loaded X.509 cert 'Build time autogenerated kernel key: ffc9dd3886e7b6bb89620497cc57c4262b59bc54'
[    1.627514] Loaded X.509 cert 'Canonical Ltd. Live Patch Signing: 14df34d1a87cf37625abec039ef2bf521249b969'
[    1.639702] Loaded X.509 cert 'Canonical Ltd. Kernel Module Signing: 88f752e560a1e0737e31163a466ad7b70a850c19'
[    1.651334] blacklist: Loading compiled-in revocation X.509 certificates
[    1.660880] Loaded X.509 cert 'Canonical Ltd. Secure Boot Signing: 61482aa2830d0ab2ad5af10b7250da9033ddcef0'
[    1.673915] zswap: loaded using pool lzo/zbud
[    1.692699] Key type big_key registered
[    1.698430] Key type trusted registered
[    1.710878] Key type encrypted registered
[    1.715974] AppArmor: AppArmor sha1 policy hashing enabled
[    1.722282] ima: No TPM chip found, activating TPM-bypass! (rc=-19)
[    1.729750] ima: Allocated hash algorithm: sha1
[    1.736488] evm: HMAC attrs: 0x1
[    1.742000]   Magic number: 3:847:484
[    1.747949] rtc_cmos rtc_cmos: setting system clock to 2023-04-06 14:27:29 UTC (1680791249)
[    1.761521] BIOS EDD facility v0.16 2004-Jun-25, 0 devices found
[    1.769275] EDD information not available.
[    1.779618] Freeing unused kernel image memory: 2472K
[    1.822408] Write protecting the kernel read-only data: 20480k
[    1.835583] Freeing unused kernel image memory: 2008K
[    1.842686] Freeing unused kernel image memory: 1824K
[    1.853722] x86/mm: Checked W+X mappings: passed, no W+X pages found.
Loading, please wait...
starting version 237
[    1.938935] e1000: Intel(R) PRO/1000 Network Driver - version 7.3.21-k8-NAPI
[    1.947160] e1000: Copyright (c) 1999-2006 Intel Corporation.
[    1.955947] Fusion MPT base driver 3.04.20
[    1.961369] Copyright (c) 1999-2008 LSI Corporation
[    1.993688] SSE version of gcm_enc/dec engaged.
[    2.006336] Fusion MPT SPI Host driver 3.04.20
[    2.195291] input: ImExPS/2 Generic Explorer Mouse as /devices/platform/i8042/serio1/input/input4
[    2.813149] e1000 0000:00:03.0 eth0: (PCI:33MHz:32-bit) 02:1d:bb:88:d1:cb
[    2.821556] e1000 0000:00:03.0 eth0: Intel(R) PRO/1000 Network Connection
[    2.833658] mptbase: ioc0: Initiating bringup
[    2.994976] ioc0: LSI53C1030 A0: Capabilities={Initiator}
[    3.336380] scsi host2: ioc0: LSI53C1030 A0, FwRev=00000000h, Ports=1, MaxQ=256, IRQ=20
[    3.568550] scsi 2:0:0:0: Direct-Access     VBOX     HARDDISK         1.0  PQ: 0 ANSI: 5
[    3.619163] scsi target2:0:0: Beginning Domain Validation
[    3.673300] scsi target2:0:0: Domain Validation skipping write tests
[    3.679932] scsi target2:0:0: Ending Domain Validation
[    3.686199] scsi target2:0:0: asynchronous
[    3.692325] scsi 2:0:1:0: Direct-Access     VBOX     HARDDISK         1.0  PQ: 0 ANSI: 5
[    3.948217] scsi target2:0:1: Beginning Domain Validation
[    3.960334] scsi target2:0:1: Domain Validation skipping write tests
[    3.968199] scsi target2:0:1: Ending Domain Validation
[    3.974460] scsi target2:0:1: asynchronous
[    3.991088] sd 2:0:0:0: [sda] 83886080 512-byte logical blocks: (42.9 GB/40.0 GiB)
[    3.999223] sd 2:0:0:0: Attached scsi generic sg0 type 0
[    4.005743] sd 2:0:0:0: [sda] Write Protect is off
[    4.011384] sd 2:0:0:0: [sda] Incomplete mode parameter data
[    4.017827] sd 2:0:0:0: [sda] Assuming drive cache: write through
[    4.025457] sd 2:0:1:0: [sdb] 20480 512-byte logical blocks: (10.5 MB/10.0 MiB)
[    4.033698] sd 2:0:1:0: Attached scsi generic sg1 type 0
[    4.039539] sd 2:0:1:0: [sdb] Write Protect is off
[    4.045605] sd 2:0:1:0: [sdb] Incomplete mode parameter data
[    4.051454] sd 2:0:1:0: [sdb] Assuming drive cache: write through
[    4.067757]  sda: sda1
[    4.073763] sd 2:0:0:0: [sda] Attached SCSI disk
[    4.081150] sd 2:0:1:0: [sdb] Attached SCSI disk
[    4.377172] e1000 0000:00:08.0 eth1: (PCI:33MHz:32-bit) 08:00:27:00:8e:db
[    4.384926] e1000 0000:00:08.0 eth1: Intel(R) PRO/1000 Network Connection
[    4.396287] e1000 0000:00:03.0 enp0s3: renamed from eth0
[    4.412709] e1000 0000:00:08.0 enp0s8: renamed from eth1
Begin: Loading essential drivers ... [    6.464000] raid6: sse2x1   gen() 15054 MB/s
[    6.526043] raid6: sse2x1   xor()  9625 MB/s
[    6.588012] raid6: sse2x2   gen() 21611 MB/s
[    6.649858] raid6: sse2x2   xor() 12365 MB/s
[    6.711843] raid6: sse2x4   gen() 22926 MB/s
[    6.773783] raid6: sse2x4   xor() 11222 MB/s
[    6.780184] raid6: using algorithm sse2x4 gen() 22926 MB/s
[    6.786484] raid6: .... xor() 11222 MB/s, rmw enabled
[    6.792658] raid6: using ssse3x2 recovery algorithm
[    6.800869] xor: measuring software checksum speed
[    6.845566]    prefetch64-sse: 23399.000 MB/sec
[    6.888125]    generic_sse: 22433.000 MB/sec
[    6.892819] xor: using function: prefetch64-sse (23399.000 MB/sec)
[    6.902177] async_tx: api initialized (async)
done.
Begin: Running /scripts/init-premount ... done.
Begin: Mounting root file system ... Begin: Running /scripts/local-top ... done.
Begin: Running /scripts/local-premount ... [    6.966987] Btrfs loaded, crc32c=crc32c-intel
Scanning for Btrfs filesystems
done.
Warning: fsck not present, so skipping root file system
[    7.007451] EXT4-fs (sda1): mounted filesystem with ordered data mode. Opts: (null)
done.
Begin: Running /scripts/local-bottom ... done.
Begin: Running /scripts/init-bottom ... done.
[    7.196887] ip_tables: (C) 2000-2006 Netfilter Core Team
[    7.210466] systemd[1]: systemd 237 running in system mode. (+PAM +AUDIT +SELINUX +IMA +APPARMOR +SMACK +SYSVINIT +UTMP +LIBCRYPTSETUP +GCRYPT +GNUTLS +ACL +XZ +LZ4 +SECCOMP +BLKID +ELFUTILS +KMOD -IDN2 +IDN -PCRE2 default-hierarchy=hybrid)
[    7.227503] systemd[1]: Detected virtualization oracle.
[    7.234148] systemd[1]: Detected architecture x86-64.

Welcome to [1mUbuntu 18.04.6 LTS[0m!

[    7.267884] systemd[1]: Set hostname to <son01>.
[    7.606474] systemd[1]: Set up automount Arbitrary Executable File Formats File System Automount Point.
[[0;32m  OK  [0m] Set up automount Arbitrary Executab…rmats File System Automount Point.
[    7.612311] systemd[1]: Reached target Swap.
[[0;32m  OK  [0m] Reached target Swap.
[    7.615784] systemd[1]: Reached target System Time Synchronized.
[[0;32m  OK  [0m] Reached target System Time Synchronized.
[    7.626019] systemd[1]: Created slice User and Session Slice.
[[0;32m  OK  [0m] Created slice User and Session Slice.
[    7.633501] systemd[1]: Reached target User and Group Name Lookups.
[[0;32m  OK  [0m] Reached target User and Group Name Lookups.
[    7.649461] systemd[1]: Started Forward Password Requests to Wall Directory Watch.
[[0;32m  OK  [0m] Started Forward Password Requests to Wall Directory Watch.
[[0;32m  OK  [0m] Created slice System Slice.
[[0;32m  OK  [0m] Listening on udev Control Socket.
[[0;32m  OK  [0m] Listening on Journal Socket.
[[0;32m  OK  [0m] Listening on udev Kernel Socket.
[[0;32m  OK  [0m] Created slice system-postgresql.slice.
[[0;32m  OK  [0m] Created slice system-serial\x2dgetty.slice.
[[0;32m  OK  [0m] Listening on LVM2 poll daemon socket.
         Starting Load Kernel Modules...
         Starting udev Coldplug all Devices...
[[0;32m  OK  [0m] Listening on Journal Socket (/dev/log).
[    7.732319] Loading iSCSI transport class v2.0-870.
[[0;32m  OK  [0m] Listening on Device-mapper event daemon FIFOs.
[[0;32m  OK  [0m] Listening on Syslog Socket.
         Starting Uncomplicated firewall...
[[0;32m  OK  [0m] Listening on /dev/initctl Compatibility Named Pipe.
         Mounting POSIX Message Queue File System...[    7.762189] iscsi: registered transport (tcp)

[[0;32m  OK  [0m] Listening on LVM2 metadata daemon socket.
         Starting Set the console keyboard layout...
[[0;32m  OK  [0m] Listening on fsck to fsckd communication Socket.
         Starting File System Check on Root Device...
         Starting Monitoring of LVM2 mirrors…ng dmeventd or progress polling...
[[0;32m  OK  [0m] [    7.805004] iscsi: registered transport (iser)
Listening on Network Service Netlink Socket.
         Mounting Kernel Debug File System...
[[0;32m  OK  [0m] Listening on Journal Audit Socket.
         Starting Journal Service...
         Mounting Huge Pages File System...
[[0;32m  OK  [0m] Reached target Slices.
         Starting Create list of required st…ce nodes for the current kernel...
[[0;32m  OK  [0m] Started Load Kernel Modules.
[[0;32m  OK  [0m] Started Uncomplicated firewall.
[[0;32m  OK  [0m] Mounted POSIX Message Queue File System.
[[0;32m  OK  [0m] Mounted Kernel Debug File System.
[[0;32m  OK  [0m] Mounted Huge Pages File System.
[[0;32m  OK  [0m] Started LVM2 metadata daemon.
[[0;32m  OK  [0m] Started File System Check Daemon to report status.
         Starting Apply Kernel Variables...
         Mounting FUSE Control File System...
         Mounting Kernel Configuration File System...
[[0;32m  OK  [0m] Started udev Coldplug all Devices.
[[0;32m  OK  [0m] Mounted FUSE Control File System.
[[0;32m  OK  [0m] Started Create list of required sta…vice nodes for the current kernel.
[[0;32m  OK  [0m] Mounted Kernel Configuration File System.
         Starting Create Static Device Nodes in /dev...
[[0;32m  OK  [0m] Started Journal Service.
[[0;32m  OK  [0m] Started Create Static Device Nodes in /dev.
[[0;32m  OK  [0m] Started File System Check on Root Device.
         Starting Remount Root and Kernel File Systems...
[[0;32m  OK  [0m] Started Monitoring of LVM2 mirrors,…sing dmeventd or progress polling.
[[0;1;31mFAILED[0m] Failed to start Apply Kernel Variables.
See 'systemctl status systemd-sysctl.service' for details.
[[0;32m  OK  [0m] Started Remount Root and Kernel File Systems.
         Starting Flush Journal to Persistent Storage...
         Starting udev Kernel Device Manager...
         Starting Load/Save Random Seed...
[[0;32m  OK  [0m] Started Load/Save Random Seed.
[[0;32m  OK  [0m] Started Set the console keyboard layout.
[[0;32m  OK  [0m] Reached target Local File Systems (Pre).
[[0;32m  OK  [0m] Reached target Local File Systems.
         Starting Tell Plymouth To Write Out Runtime Data...
         Starting Set console font and keymap...
         Starting AppArmor initialization...
         Starting ebtables ruleset management...
[[0;32m  OK  [0m] Started udev Kernel Device Manager.
[[0;32m  OK  [0m] Started Dispatch Password Requests to Console Directory Watch.
[[0;32m  OK  [0m] Reached target Local Encrypted Volumes.
[[0;32m  OK  [0m] Started Tell Plymouth To Write Out Runtime Data.
[[0;32m  OK  [0m] Started Set console font and keymap.
[[0;32m  OK  [0m] Started Flush Journal to Persistent Storage.
         Starting Create Volatile Files and Directories...
[[0;32m  OK  [0m] Started Create Volatile Files and Directories.
         Starting Update UTMP about System Boot/Shutdown...
[[0;32m  OK  [0m] Started Update UTMP about System Boot/Shutdown.
[[0;32m  OK  [0m] Started ebtables ruleset management.
[[0;32m  OK  [0m] Found device /dev/ttyS0.
[[0;32m  OK  [0m] Listening on Load/Save RF Kill Switch Status /dev/rfkill Watch.
[[0;32m  OK  [0m] Started AppArmor initialization.
         Mounting Arbitrary Executable File Formats File System...
         Starting Load AppArmor profiles managed internally by snapd...
         Starting Initial cloud-init job (pre-networking)...
[[0;32m  OK  [0m] Mounted Arbitrary Executable File Formats File System.
[[0;32m  OK  [0m] Started Load AppArmor profiles managed internally by snapd.
[    9.573074] cloud-init[587]: Cloud-init v. 22.3.4-0ubuntu1~18.04.1 running 'init-local' at Thu, 06 Apr 2023 14:27:37 +0000. Up 9.40 seconds.
[[0;32m  OK  [0m] Started Initial cloud-init job (pre-networking).
[[0;32m  OK  [0m] Reached target Network (Pre).
         Starting Network Service...
[[0;32m  OK  [0m] Started Network Service.
         Starting Wait for Network to be Configured...
         Starting Network Name Resolution...
[[0;32m  OK  [0m] Started Network Name Resolution.
[[0;32m  OK  [0m] Reached target Host and Network Name Lookups.
[[0;32m  OK  [0m] Reached target Network.
[[0;32m  OK  [0m] Started Wait for Network to be Configured.
         Starting Initial cloud-init job (metadata service crawler)...
[   12.648604] cloud-init[693]: Cloud-init v. 22.3.4-0ubuntu1~18.04.1 running 'init' at Thu, 06 Apr 2023 14:27:40 +0000. Up 12.52 seconds.
[   12.658284] cloud-init[693]: ci-info: ++++++++++++++++++++++++++++++++++++++Net device info+++++++++++++++++++++++++++++++++++++++
[   12.663161] cloud-init[693]: ci-info: +--------+------+-----------------------------+---------------+--------+-------------------+
[   12.667562] cloud-init[693]: ci-info: | Device |  Up  |           Address           |      Mask     | Scope  |     Hw-Address    |
[   12.672684] cloud-init[693]: ci-info: +--------+------+-----------------------------+---------------+--------+-------------------+
[   12.677503] cloud-init[693]: ci-info: | enp0s3 | True |          10.0.2.15          | 255.255.255.0 | global | 02:1d:bb:88:d1:cb |
[   12.683366] cloud-init[693]: ci-info: | enp0s3 | True |  fe80::1d:bbff:fe88:d1cb/64 |       .       |  link  | 02:1d:bb:88:d1:cb |
[   12.689294] cloud-init[693]: ci-info: | enp0s8 | True |        192.168.56.16        | 255.255.255.0 | global | 08:00:27:00:8e:db |
[   12.694359] cloud-init[693]: ci-info: | enp0s8 | True | fe80::a00:27ff:fe00:8edb/64 |       .       |  link  | 08:00:27:00:8e:db |
[   12.699205] cloud-init[693]: ci-info: |   lo   | True |          127.0.0.1          |   255.0.0.0   |  host  |         .         |
[   12.704738] cloud-init[693]: ci-info: |   lo   | True |           ::1/128           |       .       |  host  |         .         |
[   12.709413] cloud-init[693]: ci-info: +--------+------+-----------------------------+---------------+--------+-------------------+
[   12.714276] cloud-init[693]: ci-info: +++++++++++++++++++++++++++++Route IPv4 info+++++++++++++++++++++++++++++
[   12.718160] cloud-init[693]: ci-info: +-------+--------------+----------+-----------------+-----------+-------+
[   12.723867] cloud-init[693]: ci-info: | Route | Destination  | Gateway  |     Genmask     | Interface | Flags |
[   12.732730] cloud-init[693]: ci-info: +-------+--------------+----------+-----------------+-----------+-------+
[   12.742448] cloud-init[693]: ci-info: |   0   |   0.0.0.0    | 10.0.2.2 |     0.0.0.0     |   enp0s3  |   UG  |
[   12.751675] cloud-init[693]: ci-info: |   1   |   10.0.2.0   | 0.0.0.0  |  255.255.255.0  |   enp0s3  |   U   |
[   12.759803] cloud-init[693]: ci-info: |   2   |   10.0.2.2   | 0.0.0.0  | 255.255.255.255 |   enp0s3  |   UH  |
[   12.768032] cloud-init[693]: ci-info: |   3   | 192.168.56.0 | 0.0.0.0  |  255.255.255.0  |   enp0s8  |   U   |
[   12.776462] cloud-init[693]: ci-info: +-------+--------------+----------+-----------------+-----------+-------+
[   12.781957] cloud-init[693]: ci-info: +++++++++++++++++++Route IPv6 info+++++++++++++++++++
[   12.790864] cloud-init[693]: ci-info: +-------+-------------+---------+-----------+-------+
[   12.799530] cloud-init[693]: ci-info: | Route | Destination | Gateway | Interface | Flags |
[   12.805290] cloud-init[693]: ci-info: +-------+-------------+---------+-----------+-------+
[   12.811461] cloud-init[693]: ci-info: |   1   |  fe80::/64  |    ::   |   enp0s8  |   U   |
[   12.818620] cloud-init[693]: ci-info: |   2   |  fe80::/64  |    ::   |   enp0s3  |   U   |
[   12.822748] cloud-init[693]: ci-info: |   4   |    local    |    ::   |   enp0s3  |   U   |
[   12.831796] cloud-init[693]: ci-info: |   5   |    local    |    ::   |   enp0s8  |   U   |
[   12.835005] cloud-init[693]: ci-info: |   6   |   ff00::/8  |    ::   |   enp0s8  |   U   |
[   12.838210] cloud-init[693]: ci-info: |   7   |   ff00::/8  |    ::   |   enp0s3  |   U   |
[   12.841673] cloud-init[693]: ci-info: +-------+-------------+---------+-----------+-------+
[[0;32m  OK  [0m] Started Initial cloud-init job (metadata service crawler).
[[0;32m  OK  [0m] Reached target System Initialization.
[[0;32m  OK  [0m] Listening on Open-iSCSI iscsid Socket.
         Starting LXD - unix socket.
[[0;32m  OK  [0m] Listening on ACPID Listen Socket.
[[0;32m  OK  [0m] Started Ubuntu Advantage Timer for running repeated jobs.
         Starting Socket activation for snappy daemon.
[[0;32m  OK  [0m] Listening on cloud-init hotplug hook socket.
[[0;32m  OK  [0m] Listening on D-Bus System Message Bus Socket.
[[0;32m  OK  [0m] Started Daily Cleanup of Temporary Directories.
[[0;32m  OK  [0m] Started ACPI Events Check.
[[0;32m  OK  [0m] Reached target Paths.
[[0;32m  OK  [0m] Started Discard unused blocks once a week.
[[0;32m  OK  [0m] Started Daily apt download activities.
[[0;32m  OK  [0m] Started Daily apt upgrade and clean activities.
[[0;32m  OK  [0m] Started Message of the Day.
[[0;32m  OK  [0m] Reached target Timers.
[[0;32m  OK  [0m] Listening on UUID daemon activation socket.
[[0;32m  OK  [0m] Reached target Cloud-config availability.
[[0;32m  OK  [0m] Reached target Network is Online.
[[0;32m  OK  [0m] Reached target Remote File Systems (Pre).
         Starting Availability of block devices...
         Mounting /vagrant...
[[0;32m  OK  [0m] Listening on LXD - unix socket.
[[0;32m  OK  [0m] Listening on Socket activation for snappy daemon.
[[0;32m  OK  [0m] Started Availability of block devices.
[[0;32m  OK  [0m] Reached target Sockets.
[[0;32m  OK  [0m] Reached target Basic System.
         Starting A high performance web server and a reverse proxy server...
[[0;32m  OK  [0m] Started FUSE filesystem for LXC.
         Starting Accounts Service...
         Starting Resets System Activity Data Collector...
         Starting LSB: Record successful boot for GRUB...
         Starting Virtualbox guest utils...
         Starting OpenBSD Secure Shell server...
[[0;32m  OK  [0m] Started D-Bus System Message Bus.
         Starting SonarQube service...
         Starting Dispatcher daemon for systemd-networkd...
         Starting Login Service...
[[0;32m  OK  [0m] Started irqbalance daemon.
         Starting PostgreSQL Cluster 10-main...
         Starting Snap Daemon...
[[0;32m  OK  [0m] Started Regular background program processing daemon.
[[0;32m  OK  [0m] Reached target Login Prompts (Pre).
[[0;32m  OK  [0m] Started Deferred execution scheduler.
         Starting System Logging Service...
         Starting LXD - container startup/shutdown...
[[0;32m  OK  [0m] Mounted /vagrant.
[[0;32m  OK  [0m] Started Resets System Activity Data Collector.
[[0;32m  OK  [0m] Started Login Service.
[[0;32m  OK  [0m] Started OpenBSD Secure Shell server.
[[0;32m  OK  [0m] Started System Logging Service.
[[0;32m  OK  [0m] Started A high performance web server and a reverse proxy server.
         Starting Authorization Manager...
[[0;32m  OK  [0m] Started Unattended Upgrades Shutdown.
[[0;32m  OK  [0m] Reached target Remote File Systems.
         Starting LSB: automatic crash report generation...
         Starting Permit User Sessions...
[[0;32m  OK  [0m] Started Authorization Manager.
[[0;32m  OK  [0m] Started Accounts Service.
[[0;32m  OK  [0m] Started Permit User Sessions.
         Starting Hold until boot process finishes up...
         Starting Terminate Plymouth Boot Screen...
[[0;32m  OK  [0m] Started Hold until boot process finishes up.
         Starting Set console scheme...
[[0;32m  OK  [0m] Started Serial Getty on ttyS0.
[[0;32m  OK  [0m] Started Terminate Plymouth Boot Screen.
[[0;32m  OK  [0m] Started Virtualbox guest utils.
[[0;32m  OK  [0m] Started Set console scheme.
[[0;32m  OK  [0m] Created slice system-getty.slice.
[[0;32m  OK  [0m] Started Getty on tty1.
[[0;32m  OK  [0m] Reached target Login Prompts.
[[0;32m  OK  [0m] Started LXD - container startup/shutdown.
[[0;32m  OK  [0m] Started LSB: Record successful boot for GRUB.
[[0;32m  OK  [0m] Started LSB: automatic crash report generation.
[[0;32m  OK  [0m] Started Dispatcher daemon for systemd-networkd.
[[0;32m  OK  [0m] Started SonarQube service.
[[0;32m  OK  [0m] Started Snap Daemon.
         Starting Wait until snapd is fully seeded...
         Starting Time & Date Service...
[[0;32m  OK  [0m] Started Time & Date Service.
[[0;32m  OK  [0m] Started Wait until snapd is fully seeded.
         Starting Apply the settings specified in cloud-config...
[   15.619877] cloud-init[1257]: Cloud-init v. 22.3.4-0ubuntu1~18.04.1 running 'modules:config' at Thu, 06 Apr 2023 14:27:43 +0000. Up 15.53 seconds.
[[0;32m  OK  [0m] Started Apply the settings specified in cloud-config.
[[0;32m  OK  [0m] Started PostgreSQL Cluster 10-main.
         Starting PostgreSQL RDBMS...
[[0;32m  OK  [0m] Started PostgreSQL RDBMS.
[[0;32m  OK  [0m] Reached target Multi-User System.
         Starting Execute cloud user/final scripts...
[[0;32m  OK  [0m] Reached target Graphical Interface.
         Starting Update UTMP about System Runlevel Changes...
[[0;32m  OK  [0m] Started Update UTMP about System Runlevel Changes.
[   17.310739] cloud-init[1384]: Cloud-init v. 22.3.4-0ubuntu1~18.04.1 running 'modules:final' at Thu, 06 Apr 2023 14:27:44 +0000. Up 17.17 seconds.
[   17.316462] cloud-init[1384]: Cloud-init v. 22.3.4-0ubuntu1~18.04.1 finished at Thu, 06 Apr 2023 14:27:45 +0000. Datasource DataSourceNoCloud [seed=/dev/sdb][dsmode=net].  Up 17.29 seconds
[[0;32m  OK  [0m] Started Execute cloud user/final scripts.
[[0;32m  OK  [0m] Reached target Cloud-init target.

Ubuntu 18.04.6 LTS son01 ttyS0

son01 login: 